
18:27:32 BAJOB	BATCON version 12(1041) running FRTBLI sequence 455 in stream 1
18:27:32 BAFIL	Input from TST0:FRTBLI.CTL[31,1611]
18:27:32 BAFIL	Output to  TST0:FRTBLI.LOG[31,1611]
18:27:32 BASUM	Job parameters
		Time:04:00:00	Unique:YES	Restart:YES

18:27:32 MONTR	
18:27:32 MONTR	.LOGIN 31/1611 /SPOOL:ALL/TIME:14400/LOCATE:1/NAME:"TOLMAN"
18:27:35 USER	JOB 3     R57AWa SYS #40/2 TTY145
18:27:35 USER	[LGNJSP Other jobs same PPN]
18:27:35 USER	1827	06-Oct-84	Sat
18:27:35 MONTR	
18:27:35 MONTR	.
18:27:36 BATCH	.NOERROR
18:27:36 MONTR	.MOUNT TST
18:27:38 USER	Structure already mounted
18:27:38 USER	[Mount count = 1]
18:27:38 USER	No entry in AUXACC.SYS
18:27:40 USER	
18:27:40 USER	TST Mounted
18:27:40 MONTR	
18:27:40 MONTR	..R SETSRC
18:27:40 USER	
18:27:41 USER	
18:27:41 USER	**A TST,*
18:27:41 USER	
18:27:41 USER	*
		;%2(12) VERSION NUMBER OF FRTBLI.CTL	17 APR 1974
		; NAME:	FRTBLI.CTL
		; DATE:	18 SEP 1973
		;
		; FUNCTION:	THIS CONTROL FILE BUILDS THE STANDARD FORTRAN COMPILER
		;		FROM ITS BASIC SOURCES.  IT UTILIZES DSKB:[10,7] FOR
		;		FIELD IMAGE SOFTWARE AS REQUIRED BY -10 QA.
		;
		; INPUT:	THE FOLLOWING FILES ARE REQUIRED BY THIS JOB IN THE
		;		DISK AREAS INDICATED:
		;
		;	DSKB:[10,7]
		;		C.MAC
		;		SCNMAC.MAC
		;		SCAN.REL
		;		WILD.REL
		;		HELPER.REL
		;		DIRECT.SHR
		;		JOBDAT.REL
		;		LINK.SHR
		;		MACRO.SHR
		;		COMPIL.SHR
		;
		;	NEW:
		;		BLIS10.SHR	VERSION 5(110) OR LATER
		;
		;	DSK:[AREA UNDER WHICH FRTBLI.CTL IS BEING RUN]
		;
		;		INDIRECT COMMAND FILES USED BY FRTBLI.CTL:
		;		BLD.CMD		LOADS BUILD
		;		COMMAN.CMD	COMPILES  COMMAN.REL
		;		LEFT72.CMD	LOADS LEFT72
		;		LEFTFM.CMD	LOADS LEFTFM
		;		P0.CMD		LOADS FORTRA
		;		P1.CMD		LOADS FORTB
		;		P2S.CMD		LOADS FORTC
		;		P2.CMD		LOADS FORTD
		;		P3G.CMD		LOADS FORTE
		;		P3R.CMD		LOADS FORTF
		;		P3.CMD		LOADS FORTG
		;
		;		SOURCES FOR BUILDING SYNTAX TABLES:
		;		BLIO.BLI
		;		BUILD.BLI
		;		DEFLT.BLI
		;		ERROR0.BLI
		;		ERRTB3.MAC
		;		F72BNF.SYN
		;		FMTLEX.BLI
		;		FRMBNF.SYN
		;		LEFT.BLI
		;		NUMIO1.BLI
		;		OUTZ.BLI
		;		QTAB1.MAC
		;		SCAN0.BLI
		;		SCNR.BLI
		;		TBL.BLI
		;		TRACE1.BLI
		;
		;		REMAINING COMPILER SOURCES:
		;
		;
		;
		; OUTPUT:	THE FOLLOWING FILES ARE GENERATED BY THIS CONTROL JOB
		;		AND WILL BE AVAILABLE ON THIS DISK AREA AT JOB TERMINATION.
		;
		;	DSK:[AREA UNDER WHICH FRTBLI.CTL IS BEING RUN]
		;
		;		FROM SYNTAX TABLE BUILDING SECTION:
		;		*	INDICATES REQUIRED FORTRAN COMPILER SOURCE COMPONENT
		;		BLIO.REL
		;		BUILD.HGH
		;		BUILD.LOW
		;		BUILD.REL
		;		DEFLT.REL
		;		ERROR0.REL
		;		ERRTB3.REL
		;	       *F72BNF.BLI
		;	       *FRMBNF.BLI
		;		LEFT72.REL
		;		LEFTFM.REL
		;	       *LOOK72.BLI
		;	       *LOOKFM.BLI
		;	       *META72.BLI
		;		METAFM.BLI
		;		NUMIO1.REL
		;		OUTZ.REL
		;		QTAB1.REL
		;		SCAN0.REL
		;		SCNR.REL
		;		TBL.REL
		;		TRACE1.REL
		;
		;
		;
		;
18:27:41 USER	
18:27:42 USER	
18:27:42 USER	*
18:27:42 BLABL	P0BEG::
18:27:42 MONTR	
18:27:42 MONTR	..SET WATCH ALL
18:27:42 MONTR	
18:27:42 MONTR	.
		
		;
		;
		; FIRST WE BUILD THE SYNTAX TABLE BUILDERS AND SYNTAX TABLES
		;
		; FIRST COMPILE AND LOAD THE TABLE BUILDING PROGRAM.
		
18:27:42 MONTR	.RUN NEW:BLIS10
18:27:42 USER	[18:27:43]
18:27:43 USER	
18:27:44 USER	[S:BLIS10 5(124) + ]
18:27:44 USER	**BUILD_BUILD
18:28:33 USER	
18:28:33 USER	Module length: 1486+483
18:28:33 USER	
18:28:33 USER	[BLSNED No errors detected]
18:28:33 USER	
18:28:34 USER	*
		;
		;
		;
		; NOW COMPILE ALL I/O UTILITIES.
		;
		;
18:28:35 MONTR	[43.85 52.05 135 51]
18:28:35 MONTR	
18:28:35 MONTR	..RUN DSK:MACRO[10,7]
18:28:35 USER	[18:28:35]
18:28:35 USER	
18:28:35 USER	[MACRO 47(113) + ]
18:28:35 USER	
18:28:35 USER	**QTAB1_QTAB1
18:28:42 USER	
18:28:42 USER	NO ERRORS DETECTED
18:28:42 USER	
18:28:42 USER	PROGRAM BREAK IS 001700
18:28:42 USER	
18:28:42 USER	2K CORE USED
18:28:43 USER	
18:28:43 USER	*
		;
		;
		;
18:28:44 MONTR	[6.05 8.48 73 17]
18:28:44 MONTR	
18:28:44 MONTR	..RUN DSK:MACRO[10,7]
18:28:44 USER	[18:28:44]
18:28:44 USER	
18:28:45 USER	[MACRO 47(113) + ]
18:28:45 USER	
18:28:45 USER	**ERRTB3_ERRTB3
18:28:51 USER	
18:28:51 USER	NO ERRORS DETECTED
18:28:51 USER	
18:28:51 USER	HI-SEG. BREAK IS 415415
18:28:51 USER	PROGRAM BREAK IS 000003
18:28:51 USER	
18:28:51 USER	2K CORE USED
18:28:52 USER	
18:28:52 USER	*
		;
		;
		;
18:28:52 USER	
18:28:52 USER	
18:28:52 USER	*[5.70 8.18 65 12]
18:28:52 MONTR	
18:28:52 MONTR	..RUN NEW:BLIS10
18:28:52 USER	[18:28:53]
18:28:52 USER	
18:28:54 USER	[S:BLIS10 5(124) + ]
18:28:54 USER	**SCAN0_SCAN0
18:29:39 USER	
18:29:39 USER	Module length: 840+46
18:29:39 USER	
18:29:39 USER	[BLSNED No errors detected]
18:29:39 USER	
18:29:40 USER	*
		;
		;
		;
18:29:40 USER	
18:29:40 USER	*[36.96 47.73 61 25]
18:29:41 MONTR	
18:29:41 MONTR	..RUN NEW:BLIS10
18:29:41 USER	[18:29:41]
18:29:41 USER	
18:29:41 USER	[S:BLIS10 5(124) + ]
18:29:41 USER	**SCNR_SCNR
18:29:47 USER	
18:29:48 USER	Module length: 140+14
18:29:48 USER	
18:29:48 USER	[BLSNED No errors detected]
18:29:48 USER	
18:29:48 USER	*
		;
		;
		;
18:29:48 USER	
18:29:49 USER	*[5.25 7.85 29 12]
18:29:49 MONTR	
18:29:49 MONTR	..RUN NEW:BLIS10
18:29:49 USER	[18:29:50]
18:29:49 USER	
18:29:50 USER	[S:BLIS10 5(124) + ]
18:29:50 USER	**TRACE1_TRACE1
18:29:51 USER	
18:29:51 USER	Module length: 8+0
18:29:51 USER	
18:29:51 USER	[BLSNED No errors detected]
18:29:51 USER	
18:29:52 USER	*
		;
		;
		;
18:29:52 MONTR	[0.86 2.20 25 10]
18:29:52 MONTR	
18:29:52 MONTR	..RUN NEW:BLIS10
18:29:52 USER	[18:29:53]
18:29:52 USER	
18:29:53 USER	[S:BLIS10 5(124) + ]
18:29:53 USER	**ERROR0_ERROR0
18:30:20 USER	
18:30:20 USER	Module length: 589+66
18:30:20 USER	
18:30:20 USER	[BLSNED No errors detected]
18:30:20 USER	
18:30:21 USER	*
		;
		;
		;
18:30:21 USER	
18:30:21 USER	*[21.83 28.53 47 20]
18:30:22 MONTR	
18:30:22 MONTR	..RUN NEW:BLIS10
18:30:22 USER	[18:30:22]
18:30:22 USER	
18:30:22 USER	[S:BLIS10 5(124) + ]
18:30:22 USER	**BLIO_BLIO
18:31:29 USER	
18:31:29 USER	Module length: 1318+75
18:31:29 USER	
18:31:29 USER	[BLSNED No errors detected]
18:31:29 USER	
18:31:30 USER	*
		;
		;
		;
18:31:30 USER	
18:31:31 USER	*[56.80 :01:09 74 28]
18:31:31 MONTR	
18:31:31 MONTR	..RUN NEW:BLIS10
18:31:31 USER	[18:31:32]
18:31:31 USER	
18:31:32 USER	[S:BLIS10 5(124) + ]
18:31:32 USER	**NUMIO1_NUMIO1
18:31:34 USER	
18:31:34 USER	Module length: 62+10
18:31:34 USER	
18:31:34 USER	[BLSNED No errors detected]
18:31:34 USER	
18:31:35 USER	*
		;
		;
		;
18:31:35 USER	
18:31:35 USER	*[2.23 4.18 34 11]
18:31:36 MONTR	
18:31:36 MONTR	..RUN NEW:BLIS10
18:31:36 USER	[18:31:37]
18:31:36 USER	
18:31:36 USER	[S:BLIS10 5(124) + ]
18:31:36 USER	**DEFLT_DEFLT
18:31:41 USER	
18:31:41 USER	Module length: 36+8
18:31:41 USER	
18:31:41 USER	[BLSNED No errors detected]
18:31:42 USER	
18:31:42 USER	*
		;
		;
		;
18:31:42 USER	
18:31:42 USER	*[2.60 5.93 38 10]
18:31:43 MONTR	
18:31:43 MONTR	..RUN NEW:BLIS10
18:31:43 USER	[18:31:43]
18:31:43 USER	
18:31:43 USER	[S:BLIS10 5(124) + ]
18:31:43 USER	**TBL_TBL
18:31:59 USER	
18:31:59 USER	Module length: 300+14
18:31:59 USER	
18:31:59 USER	[BLSNED No errors detected]
18:31:59 USER	
18:32:00 USER	*
		;
		;
		;
18:32:00 USER	
18:32:00 USER	*[14.35 17.68 43 13]
18:32:01 MONTR	
18:32:01 MONTR	..RUN NEW:BLIS10
18:32:01 USER	[18:32:02]
18:32:01 USER	
18:32:01 USER	[S:BLIS10 5(124) + ]
18:32:01 USER	**OUTZ_OUTZ
18:32:03 USER	
18:32:03 USER	Module length: 28+1
18:32:03 USER	
18:32:03 USER	[BLSNED No errors detected]
18:32:03 USER	
18:32:04 USER	*
		;
		;
		;
		; NOW LOAD THE BUILDER WITH I/O UTILITIES AND EXECUTE
18:32:04 MONTR	[1.51 3.13 34 10]
18:32:04 MONTR	
18:32:04 MONTR	..TYPE BLD.CMD
18:32:05 USER	[18:32:05]
18:32:05 USER	[S:COMPIL 22A(203) + ]
18:32:05 USER	[]
18:32:05 USER	[S:PIP 33A(132) + ]
18:32:05 USER	QTAB1,BLIO,SCAN0,TRACE1,ERRTB3,ERROR0,SCNR,NUMIO1,DEFLT,TBL,OUTZ,BUILD/G
18:32:05 MONTR	[0.23 0.76 2 0]
18:32:05 MONTR	
18:32:05 MONTR	..RUN DSK:LINK[10,7]
18:32:06 USER	[18:32:06]
18:32:06 USER	
18:32:07 USER	[LINK 2(222) + ]
18:32:07 USER	[]
18:32:07 USER	[ + LNKSCN 2(222)]
18:32:07 USER	**@BLD.CMD
18:32:16 USER	[]
18:32:16 USER	[ + LNKLOD 2(222)]
18:32:16 USER	[]
18:32:16 USER	[ + LNKXIT 2(222)]
18:32:16 USER	[]
18:32:16 USER	[:BUIL  + ]
18:32:16 MONTR	
18:32:16 MONTR	EXIT
18:32:16 MONTR	[3.58 11.30 366 4]
18:32:16 MONTR	
18:32:16 MONTR	..SAVE BUILD
18:32:17 USER	[18:32:17]
18:32:20 MONTR	Job saved
18:32:20 MONTR	[0.31 3.00 52 118]
18:32:20 MONTR	
18:32:20 MONTR	.
		;
		;
		;
		; BUILD STATEMENT SYNTAX TABLES
18:32:20 BATCH	.NOERROR
18:32:20 MONTR	.RUN DSK:BUILD
18:32:20 USER	[18:32:20]
18:32:20 USER	
18:32:21 USER	[BUILD  + ]
18:32:21 USER	
18:32:21 USER	**META72.BLI,F72BNF.BLI_F72BNF.SYN
18:32:22 USER	
18:32:22 USER	START DETAILED TRACE AT META NO.(0=NONE)#*0
18:32:23 USER	
18:32:24 USER	1 - EXPRESSION
18:32:25 USER	2 - VARIABLESPEC
18:32:25 USER	3 - DATA
18:32:25 USER	4 - DECLARESPEC
18:32:25 USER	5 - FUNCTIONSPEC
18:32:25 USER	6 - PARAMSPEC
18:32:25 USER	7 - DIMENSION
18:32:26 USER	8 - SUBROUTINE
18:32:26 USER	9 - COMMON
18:32:26 USER	10 - EQUIVALENCE
18:32:26 USER	11 - EXTERNSPEC
18:32:26 USER	12 - IMPLICIT
18:32:27 USER	13 - NAMELIST
18:32:27 USER	14 - DATAITEM
18:32:27 USER	15 - LOOPPART
18:32:27 USER	16 - SUBPROGRAMID
18:32:27 USER	17 - ONEARRAY
18:32:27 USER	18 - TYPELIST
18:32:27 USER	19 - VALUELIST
18:32:27 USER	20 - CMPLEXCON
18:32:27 USER	21 - COMMONGROUP
18:32:28 USER	22 - ASSIGN
18:32:28 USER	23 - GOTO
18:32:28 USER	24 - CALL
18:32:28 USER	25 - RWSPEC
18:32:28 USER	26 - IOSPEC1
18:32:29 USER	27 - FIND
18:32:30 USER	28 - IOSPEC
18:32:30 USER	29 - GOTOSPEC
18:32:30 USER	30 - ENCODECODESPEC
18:32:30 USER	31 - FORMATID
18:32:31 USER	32 - UNITSPEC
18:32:31 USER	33 - UTILSPEC
18:32:31 USER	34 - STATEFUNCSPEC
18:32:31 USER	35 - ARRAYASSIGNSPEC
18:32:31 USER	36 - LOGICALIFSPEC
18:32:31 USER	37 - ARITHIFSPEC
18:32:31 USER	38 - ASSIGNSPEC
18:32:31 USER	39 - DOSPEC
18:32:31 USER	TABULAR OUTPUT BEGINS
18:32:32 USER	
18:32:32 USER	IS A PLIT OF META NUMBERS NEEDED?(Y OR N):*N
18:32:37 MONTR	
18:32:37 MONTR	EXIT
18:32:37 MONTR	[11.10 17.83 155 48]
18:32:37 MONTR	
18:32:37 MONTR	..
		;
		;
		;
		; NOW BUILD FORMAT SYNTAX TABLES
18:32:37 MONTR	.RUN DSK:BUILD
18:32:38 USER	[18:32:38]
18:32:38 USER	
18:32:38 USER	[BUILD  + ]
18:32:38 USER	
18:32:38 USER	**METAFM.BLI,FRMBNF.BLI_FRMBNF.SYN
18:32:38 USER	
18:32:38 USER	START DETAILED TRACE AT META NO.(0=NONE)#*0
18:32:39 USER	
18:32:40 USER	1 - FORMATSPEC
18:32:40 USER	2 - FDGROUP
18:32:41 USER	3 - FIELDDESCRIPTOR
18:32:41 USER	4 - TWODESCRIPTOR
18:32:41 USER	5 - ONEDESCRIPTOR
18:32:41 USER	TABULAR OUTPUT BEGINS
18:32:41 USER	
18:32:41 USER	IS A PLIT OF META NUMBERS NEEDED?(Y OR N):*N
18:32:44 MONTR	
18:32:44 MONTR	EXIT
18:32:44 MONTR	[3.00 6.06 147 22]
18:32:44 MONTR	
18:32:44 MONTR	..
		;
		;
18:32:44 BATCH	.NOERROR
		
		; NOW DO THE COMPILATIONS FOR THE LOOK AHEAD TABLE BUILDERS.
		
18:32:44 MONTR	.RUN NEW:BLIS10
18:32:46 USER	[18:32:44]
18:32:46 USER	
18:32:46 USER	[S:BLIS10 5(124) + ]
18:32:46 USER	**LEFT72_LEFT72.BLI
18:34:02 USER	
18:34:02 USER	Module length: 753+946
18:34:02 USER	
18:34:02 USER	[BLSNED No errors detected]
18:34:02 USER	
18:34:03 USER	**LEFTFM_LEFTFM.BLI
18:34:12 USER	     	 301    		OUTZ(3,.ACTIONNAME[.VREG])
18:34:12 USER	
18:34:12 USER	%BLSUID	Undeclared identifier;  ID:  ACTIONNAME
18:34:13 USER	
18:34:37 USER	
18:34:37 USER	Module length: 753+437
18:34:37 USER	
18:34:37 USER	%BLSWRN 1 Warning
18:34:37 USER	[BLSNED No errors detected]
18:34:37 USER	
18:34:38 USER	*
		;
		;
		;
		; NOW LOAD, SAVE, AND EXECUTE THE GENERAL SYNTAX LOOK AHEAD BUILDER
18:34:38 BLABL	PKLOD::
18:34:38 BATCH	.CHKPNT PKLOD
18:34:39 MONTR	[:01:35 :01:55 145 63]
18:34:39 MONTR	
18:34:39 MONTR	..MOUNT TST
18:34:39 USER	[18:34:40]
18:34:40 USER	[S:UMOUNT 26(1) + ]
18:34:40 USER	Structure already mounted
18:34:40 USER	[Mount count = 1]
18:34:40 USER	No entry in AUXACC.SYS
18:34:41 USER	
18:34:41 USER	TST Mounted
18:34:42 MONTR	[0.35 1.73 38 0]
18:34:42 MONTR	
18:34:42 MONTR	..R SETSRC
18:34:42 USER	[18:34:42]
18:34:42 USER	
18:34:42 USER	[S:SETSRC 12A(45)]
18:34:42 USER	
18:34:42 USER	**A TST,*
18:34:43 USER	
18:34:43 USER	*[0.11 1.48 11 0]
18:34:44 MONTR	
18:34:44 MONTR	..SET WATCH ALL
18:34:44 MONTR	
18:34:44 MONTR	.
18:34:44 BATCH	.NOERROR
		;IGNORE ERRORS THROUGHOUT THIS SECTION FOR NOW......
18:34:44 MONTR	.TY LEFT72.CMD
18:34:44 USER	[18:34:44]
18:34:45 USER	[S:COMPIL 22A(203) + ]
18:34:45 USER	[]
18:34:45 USER	[S:PIP 33A(132) + ]
18:34:45 USER	QTAB1,BLIO,SCAN0,TRACE1,ERRTB3,ERROR0,SCNR,NUMIO1,DEFLT,TBL,OUTZ,LEFT72/G^[
18:34:45 MONTR	[0.26 1.01 30 0]
18:34:45 MONTR	
18:34:45 MONTR	..RUN DSK:LINK[10,7]
18:34:46 USER	[18:34:46]
18:34:46 USER	
18:34:46 USER	[LINK 2(222) + ]
18:34:46 USER	[]
18:34:46 USER	[ + LNKSCN 2(222)]
18:34:46 USER	**@LEFT72.CMD
18:34:48 USER	
18:34:48 USER	[]
18:34:48 USER	[ + LNKLOD 2(222)]
18:34:54 USER	?LNKUGS 12 undefined global symbols
18:34:54 USER		FUNCTI	426443
18:34:54 USER		EXPRES	426441
18:34:54 USER		TOQUOT	426451
18:34:55 USER		TYPEID	426444
18:34:55 USER		EXPRLI	426452
18:34:56 USER		PNAMSE	426446
18:34:56 USER		LABELS	426450
18:34:56 USER		RECORD	426453
18:34:56 USER		IMPLIC	426445
18:34:56 USER		NOLABE	426442
18:34:56 MONTR		SUBLOC	426454
18:34:56 MONTR		ASTERT	426447
18:34:56 MONTR	[]
18:34:56 MONTR	[ + LNKXIT 2(222)]
18:34:56 MONTR	[]
18:34:56 MONTR	[:LEFT  + ]
18:34:56 MONTR	
18:34:56 MONTR	EXIT
18:34:56 MONTR	[3.66 10.76 126 0]
18:34:56 MONTR	
18:34:56 MONTR	..SAVE LEFT72
18:34:56 USER	[18:34:57]
18:35:00 MONTR	Job saved
18:35:00 MONTR	[0.23 3.15 52 116]
18:35:00 MONTR	
18:35:00 MONTR	..RUN DSK:LEFT72
18:35:00 USER	[18:35:00]
18:35:00 USER	
18:35:00 USER	[LEFT72  + ]
18:35:00 USER	
18:35:00 USER	**3=LOOK72.BLI
18:35:01 USER	
18:35:01 USER	START TRACE AT NODE #(0=NONE):*0
18:35:01 USER	
18:35:01 USER	0 CONFLICTS EXIST
18:35:01 USER	# OF ANDS: 93
18:35:01 USER	# OF AND BRANCHES: 228
18:35:01 USER	# OF ORS: 19
18:35:01 USER	# OF OR BRANCHES: 23
18:35:06 MONTR	
18:35:06 MONTR	EXIT
18:35:06 MONTR	[4.08 6.55 119 26]
18:35:06 MONTR	
18:35:06 MONTR	..
		;
		;
		; NOW LOAD, SAVE, AND EXECUTE THE FORMAT LOOK AHEAD TABLE BUILDER
18:35:06 MONTR	.TY LEFTFM.CMD
18:35:07 USER	[18:35:07]
18:35:07 USER	[S:COMPIL 22A(203) + ]
18:35:07 USER	[]
18:35:07 USER	[S:PIP 33A(132) + ]
18:35:07 USER	QTAB1,BLIO,SCAN0,TRACE1,ERRTB3,ERROR0,SCNR,NUMIO1,DEFLT,TBL,OUTZ,LEFTFM/G^[
18:35:07 MONTR	[0.26 1.00 2 0]
18:35:07 MONTR	
18:35:07 MONTR	..RUN DSK:LINK[10,7]
18:35:07 USER	[18:35:08]
18:35:07 USER	
18:35:08 USER	[LINK 2(222) + ]
18:35:08 USER	[]
18:35:08 USER	[ + LNKSCN 2(222)]
18:35:08 USER	**@LEFTFM.CMD
18:35:08 USER	
18:35:08 USER	[]
18:35:16 USER	[ + LNKLOD 2(222)]
18:35:16 USER	?LNKUGS 1 undefined global symbol
18:35:16 USER		ACTION	424522
18:35:17 USER	[]
18:35:17 USER	[ + LNKXIT 2(222)]
18:35:17 USER	[]
18:35:17 USER	[:SYNT  + ]
18:35:17 MONTR	
18:35:17 MONTR	EXIT
18:35:17 MONTR	[3.00 9.61 121 0]
18:35:17 MONTR	
18:35:17 MONTR	..SAVE LEFTFM
18:35:17 USER	[18:35:18]
18:35:20 MONTR	Job saved
18:35:20 MONTR	[0.25 3.01 56 112]
18:35:20 MONTR	
18:35:20 MONTR	..RUN LEFTFM
18:35:21 USER	[18:35:21]
18:35:21 USER	
18:35:21 USER	[LEFTFM  + ]
18:35:21 USER	
18:35:21 USER	**3=LOOKFM.BLI
18:35:21 USER	
18:35:21 USER	START TRACE AT NODE #(0=NONE):*0
18:35:22 USER	
18:35:22 USER	0 CONFLICTS EXIST
18:35:22 USER	# OF ANDS: 11
18:35:22 USER	# OF AND BRANCHES: 17
18:35:22 USER	# OF ORS: 5
18:35:22 USER	# OF OR BRANCHES: 21
18:35:23 MONTR	
18:35:23 MONTR	EXIT
18:35:23 MONTR	[1.11 2.78 115 10]
18:35:23 MONTR	
18:35:23 MONTR	..
18:35:23 BATCH	.NOERROR
		;
		;
		; NOW REMOVE THE TABLES FROM FRMBNF.BLI AND F72BNF.BLI THAT ARE
		; UNNECESSARY FOR PHASE 1
18:35:23 MONTR	.TECO F72BNF.BLI
18:35:24 USER	[18:35:24]
18:35:24 USER	[S:COMPIL 22A(203) + ]
18:35:24 USER	[]
18:35:24 USER	[S:TECO 23A(114) + ]
18:35:24 USER	
18:35:24 USER	**NLEFTBUILD^[JSBIND^[0L.U0S;^[0L
18:35:25 USER	*<I!^[0LQ0-."E0;'-L>
18:35:25 USER	*NLEFTBUILD^[N^[-L.U0S;^[-L
18:35:25 USER	=<I!^[0LQ0-."E0;'-L>EX^[^[
18:35:33 MONTR	[4.88 9.26 97 45]
18:35:33 MONTR	
18:35:33 MONTR	..DEL F72BNF.BAK
18:35:33 USER	[18:35:34]
18:35:33 USER	[S:COMPIL 22A(203) + ]
18:35:34 USER	[]
18:35:34 USER	[S:PIP 33A(132) + ]
18:35:34 USER	Files deleted:
18:35:35 USER	F72BNF.BAK 
18:35:35 USER	34 Blocks freed
18:35:35 USER	[0.43 2.05 39 2]
18:35:35 USER	
18:35:35 USER	..TECO FRMBNF.BLI
18:35:36 USER	[18:35:36]
18:35:36 USER	[S:COMPIL 22A(203) + ]
18:35:36 USER	[]
18:35:36 USER	[S:TECO 23A(114) + ]
18:35:36 USER	
18:35:36 USER	**NLEFTBUILD^[JSBIND^[0L.U0S;^[0L
18:35:37 USER	=<I!^[0LQ0-."E0;'-L>EX^[^[
18:35:41 MONTR	[1.55 5.08 72 20]
18:35:41 MONTR	
18:35:41 MONTR	..DEL FRMBNF.BAK
18:35:42 USER	[18:35:41]
18:35:42 USER	[S:COMPIL 22A(203) + ]
18:35:42 USER	[]
18:35:42 USER	[S:PIP 33A(132) + ]
18:35:42 USER	Files deleted:
18:35:43 USER	FRMBNF.BAK 
18:35:43 USER	09 Blocks freed
18:35:43 MONTR	[0.45 2.00 38 2]
18:35:43 MONTR	
18:35:43 MONTR	.
		;
		;
		;
		;000000000000000000000000000000000000000000000000000000000000
		;*****************************************
		; NOTE THAT ANY UNDEFINED GLOBALS
		;IN THE LOADS INVOLVED IN THIS BUILDING PROCESS UP TO THIS POINT
		;CAN SAFELY BE IGNORED.  IT IS RECOMMENDED
		;THAT IF AN INSTALLATION IS NOT MODIFYING THE SYNTAX TABLES THAT
		;THE BUILDING PROCESS BE STARTED HERE AT P0STR.
		;****************************************************
		;
		;
		; NOW LET'S COMPILE AND LOAD PHASE 0.
		;
		;
		;
		; ********** FORTRA.CTL **********
		
18:35:43 BLABL	P0STR::
18:35:43 BATCH	.CHKPNT P0STR
18:35:43 MONTR	.MOUNT TST
18:35:44 USER	[18:35:44]
18:35:44 USER	[S:UMOUNT 26(1) + ]
18:35:44 USER	Structure already mounted
18:35:44 USER	[Mount count = 1]
18:35:44 USER	No entry in AUXACC.SYS
18:35:45 USER	
18:35:45 USER	TST Mounted
18:35:45 USER	[0.35 1.48 35 0]
18:35:45 USER	
18:35:45 USER	..R SETSRC
18:35:46 USER	[18:35:46]
18:35:46 USER	
18:35:46 USER	[S:SETSRC 12A(45)]
18:35:46 USER	
18:35:46 USER	**A TST,*
18:35:46 USER	
18:35:46 USER	*[0.11 0.78 10 0]
18:35:46 MONTR	
18:35:46 MONTR	..SET WATCH ALL
18:35:46 MONTR	
18:35:46 MONTR	.
18:35:46 BATCH	.NOERROR
		;
18:35:46 BLABL	MAINCK::
18:35:46 MONTR	.RUN NEW:BLIS10
18:35:47 USER	[18:35:47]
18:35:47 USER	
18:35:48 USER	[S:BLIS10 5(124) + ]
18:35:48 USER	**MAIN/S_MAIN.BLI
18:36:05 USER	
18:36:05 USER	Module length: 158+57
18:36:05 USER	Literal table used:  36 of 256 Entries
18:36:05 USER	Stack used: 260 of 1024 Words
18:36:05 USER	Max core used: 9 + 38 K
18:36:05 USER	
18:36:05 USER	[BLSNED No errors detected]
18:36:05 USER	
18:36:06 USER	*
		;
		;
		;
		; PREPARE ONESEG.BLI  FOR POSSIBLE SINGLE SEGMENT COMPILER
18:36:06 BLABL	ONSGCK::
18:36:06 MONTR	[12.36 19.85 60 13]
18:36:06 MONTR	
18:36:06 MONTR	..COPY  ONESEG.BLI_MAIN.BLI
18:36:07 USER	[18:36:07]
18:36:07 USER	[S:COMPIL 22A(203) + ]
18:36:07 USER	[]
18:36:07 USER	[S:PIP 33A(132) + ]
18:36:08 MONTR	[0.28 1.45 26 21]
18:36:08 MONTR	
18:36:08 MONTR	..TECO  ONESEG.BLI
18:36:09 USER	[18:36:08]
18:36:09 USER	[S:COMPIL 22A(203) + ]
18:36:09 USER	[]
18:36:09 USER	[S:TECO 23A(114) + ]
18:36:09 USER	
18:36:09 USER	*=NFT1SEG^[FS0^[1^[0TTEX^[^[
18:36:10 USER	GLOBAL BIND FT1SEG = 1;		!EQL 0 FOR MULTI-SEGMENT COMPILER
18:36:13 MONTR	[1.90 5.25 78 26]
18:36:13 MONTR	
18:36:13 MONTR	..DEL  ONESEG.BAK
18:36:13 USER	[18:36:14]
18:36:14 USER	[S:COMPIL 22A(203) + ]
18:36:14 USER	[]
18:36:14 USER	[S:PIP 33A(132) + ]
18:36:14 USER	Files deleted:
18:36:15 USER	ONESEG.BAK 
18:36:15 USER	15 Blocks freed
18:36:15 USER	[0.43 2.25 39 2]
18:36:15 USER	
18:36:15 USER	..RUN NEW:BLIS10
18:36:16 USER	[18:36:16]
18:36:16 USER	
18:36:17 USER	[S:BLIS10 5(124) + ]
18:36:17 USER	**ONESEG/S_ONESEG
18:36:31 USER	
18:36:31 USER	Module length: 115+53
18:36:31 USER	Literal table used:  27 of 256 Entries
18:36:31 USER	Stack used: 250 of 1024 Words
18:36:32 USER	Max core used: 9 + 38 K
18:36:32 USER	
18:36:32 USER	[BLSNED No errors detected]
18:36:32 USER	
18:36:32 USER	*
		;
		;
		;
18:36:32 USER	
18:36:33 USER	*
18:36:33 BLABL	GLOBCK::
18:36:33 MONTR	[11.36 17.45 56 12]
18:36:33 MONTR	
18:36:33 MONTR	..RUN NEW:BLIS10
18:36:34 USER	[18:36:34]
18:36:34 USER	
18:36:34 USER	[S:BLIS10 5(124) + ]
18:36:34 USER	**GLOBAL/S_GLOBAL
18:38:16 USER	
18:38:16 USER	Module length: 38+337
18:38:16 USER	Literal table used:  336 of 512 Entries
18:38:16 USER	Stack used: 213 of 1024 Words
18:38:17 USER	Max core used: 21 + 38 K
18:38:17 USER	
18:38:17 USER	[BLSNED No errors detected]
18:38:17 USER	
18:38:18 USER	*
		;
		;
		;
18:38:18 USER	
18:38:18 USER	*
18:38:18 BLABL	ERR3CK::
18:38:18 MONTR	[:01:20 :01:45 245 22]
18:38:18 MONTR	
18:38:18 MONTR	..RUN DSK:MACRO[10,7]
18:38:19 USER	[18:38:19]
18:38:19 USER	
18:38:19 USER	[MACRO 47(113) + ]
18:38:19 USER	
18:38:19 USER	**ERR3_ERR3
18:38:21 USER	
18:38:21 USER	NO ERRORS DETECTED
18:38:21 USER	
18:38:21 USER	PROGRAM BREAK IS 000101
18:38:21 USER	
18:38:21 USER	2K CORE USED
18:38:22 USER	
18:38:22 USER	*
		;
		;
		;
18:38:22 USER	
18:38:22 USER	
18:38:22 USER	*
18:38:22 BLABL	INOUCK::
18:38:22 MONTR	[1.16 3.48 37 8]
18:38:22 MONTR	
18:38:22 MONTR	..RUN NEW:BLIS10
18:38:22 USER	[18:38:23]
18:38:23 USER	
18:38:23 USER	[S:BLIS10 5(124) + ]
18:38:23 USER	**INOUT_INOUT
18:39:06 USER	
18:39:06 USER	Module length: 582+110
18:39:06 USER	
18:39:06 USER	[BLSNED No errors detected]
18:39:06 USER	
18:39:07 USER	*
		;
		;
		;
18:39:07 USER	
18:39:08 USER	*
18:39:08 BLABL	ERRACK::
18:39:08 MONTR	[37.48 45.11 84 19]
18:39:08 MONTR	
18:39:08 MONTR	..RUN NEW:BLIS10
18:39:09 USER	[18:39:09]
18:39:09 USER	
18:39:09 USER	[S:BLIS10 5(124) + ]
18:39:09 USER	**ERROVA_ERROVA
18:39:10 USER	
18:39:10 USER	Module length: 2+0
18:39:10 USER	
18:39:10 USER	[BLSNED No errors detected]
18:39:10 USER	
18:39:12 USER	*
		;
		;
		;
18:39:12 USER	
18:39:12 USER	*
18:39:12 BLABL	UNENCK::
18:39:12 MONTR	[0.90 3.43 36 10]
18:39:12 MONTR	
18:39:12 MONTR	..RUN NEW:BLIS10
18:39:12 USER	[18:39:13]
18:39:12 USER	
18:39:12 USER	[S:BLIS10 5(124) + ]
18:39:12 USER	**UNEND_UNEND
18:39:41 USER	
18:39:41 USER	Module length: 225+49
18:39:41 USER	
18:39:41 USER	[BLSNED No errors detected]
18:39:41 USER	
18:39:42 USER	*
		;
		;
		;
18:39:42 USER	
18:39:43 USER	*
		;SCNCK::.DIRECT /CHECKSUM SCANHD,C[10,7],SCNMAC[10,7],SCAN[10,7]
		; .COMPILE /COMPILE SCANHD+<C[10,7],SCNMAC[10,7],SCAN[10,7]>
18:39:43 USER	
18:39:43 USER	*
		; THE FOLLOWING REPLACES THE ABOVE COMPILE CLASS COMMAND
		;.RUN DSK:MACRO[10,7]
		;*C_SCANHD,C[10,7]
		;*SCNMAC_SCANHD,SCNMAC[10,7]
		;*SCAN_SCANHD,SCAN[10,7]
		;
		;WILDCK:: .RUN DSK:MACRO[10,7]
		;*WILD_C,SCNMAC,WILD
		;
		;
		;
18:39:44 MONTR	[24.51 30.81 95 14]
18:39:44 MONTR	
18:39:44 MONTR	..TY COMMAN.CMD
18:39:44 USER	[18:39:44]
18:39:44 USER	[S:COMPIL 22A(203) + ]
18:39:44 USER	[]
18:39:44 USER	[S:PIP 33A(132) + ]
18:39:44 USER	COMMAN/P_C[10,7],SCNMAC[10,7],COMMAN
18:39:44 MONTR	[0.20 0.50 2 0]
18:39:44 MONTR	
18:39:44 MONTR	.
18:39:44 BLABL	COMMCK::
18:39:44 MONTR	.RUN DSK:MACRO[10,7]
18:39:45 USER	[18:39:45]
18:39:45 USER	
18:39:45 USER	[MACRO 47(113) + ]
18:39:45 USER	
18:39:45 USER	**JOBD_JOBD
18:39:46 USER	
18:39:46 USER	NO ERRORS DETECTED
18:39:46 USER	
18:39:46 USER	PROGRAM BREAK IS 000000
18:39:46 USER	
18:39:46 USER	2K CORE USED
18:39:47 USER	
18:39:47 USER	**COMMAN.CMD@
18:39:48 USER	MACRO: FTNCMD
18:40:44 MONTR	
18:40:44 MONTR	EXIT
18:40:44 MONTR	[47.95 :01:00 350 28]
18:40:44 MONTR	
18:40:44 MONTR	.
		;
		;
		;
18:40:44 BLABL	OWNDCK::
18:40:44 MONTR	.RUN DSK:MACRO[10,7]
18:40:45 USER	[18:40:45]
18:40:45 USER	
18:40:45 USER	[MACRO 47(113) + ]
18:40:45 USER	
18:40:45 USER	**OWNDM_OWNDM
18:40:46 USER	
18:40:46 USER	NO ERRORS DETECTED
18:40:46 USER	
18:40:46 USER	PROGRAM BREAK IS 001000
18:40:46 USER	
18:40:46 USER	2K CORE USED
18:40:47 USER	
18:40:47 USER	*
		;
		;
		;
		; ALL PHASE 0 SOURCES ARE NOW COMPILED.  LET'S LOAD PHASE 0.
18:40:47 BLABL	P0CK::
18:40:47 BATCH	.CHKPNT P0CK
18:40:48 MONTR	[0.40 3.55 33 7]
18:40:48 MONTR	
18:40:48 MONTR	..MOUNT TST
18:40:49 USER	[18:40:49]
18:40:49 USER	[S:UMOUNT 26(1) + ]
18:40:49 USER	Structure already mounted
18:40:49 USER	[Mount count = 1]
18:40:49 USER	No entry in AUXACC.SYS
18:40:50 USER	
18:40:50 USER	TST Mounted
18:40:51 MONTR	[0.36 1.76 38 0]
18:40:51 MONTR	
18:40:51 MONTR	..R SETSRC
18:40:51 USER	[18:40:51]
18:40:51 USER	
18:40:51 USER	[S:SETSRC 12A(45)]
18:40:51 USER	
18:40:51 USER	**A TST,*
18:40:51 USER	
18:40:51 USER	*[0.13 0.86 11 0]
18:40:51 MONTR	
18:40:51 MONTR	..SET WATCH ALL
18:40:52 MONTR	
18:40:52 MONTR	.
18:40:52 BATCH	.NOERROR
18:40:52 MONTR	.TYPE P0.CMD
18:40:52 USER	[18:40:53]
18:40:53 USER	[S:COMPIL 22A(203) + ]
18:40:53 USER	[]
18:40:53 USER	[S:PIP 33A(132) + ]
18:40:53 USER	P0.MAP/MAP /HASHSIZE:500 = MAIN,GLOBAL,SCAN[10,7],WILD[10,7],COMMAND,/NOSTART OWNDM,INOUT,UNEND,ERR3,ERROVA,JOBD,HELPER[10,7]/G
18:40:53 MONTR	[0.31 1.08 36 0]
18:40:53 MONTR	
18:40:53 MONTR	..RUN DSK:LINK[10,7]
18:40:53 USER	[18:40:54]
18:40:53 USER	
18:40:55 USER	[LINK 2(222) + ]
18:40:55 USER	[]
18:40:55 USER	[ + LNKSCN 2(222)]
18:40:55 USER	**@P0.CMD
18:41:11 USER	[]
18:41:11 USER	[ + LNKLOD 2(222)]
18:41:11 USER	[]
18:41:11 USER	[ + LNKMAP 2(222)]
18:41:11 USER	[]
18:41:11 USER	[ + LNKXIT 2(222)]
18:41:11 USER	[]
18:41:11 USER	[:FTNCMD 4(200) + ]
18:41:11 MONTR	
18:41:11 MONTR	EXIT
18:41:11 MONTR	[5.68 17.33 257 51]
18:41:11 MONTR	
18:41:11 MONTR	..SSAVE FORTRA
18:41:11 USER	[18:41:11]
18:41:14 MONTR	Job saved
18:41:14 MONTR	[0.25 2.98 56 76]
18:41:14 MONTR	
18:41:14 MONTR	.
		;
		;
		;
18:41:14 BLABL	P0END::
		; THIS IS THE END OF PHASE 0 BUILDING SECTION.
		;000000000000000000000000000000000000000000000000000000000000
		; ********** FORTB.CTL **********
		
		;111111111111111111111111111111111111111111111111111111111111
		; NOW LET'S COMPILE AND LOAD PHASE 1.
		;
		;
		;
18:41:14 BLABL	SRACK::
18:41:14 BATCH	.CHKPNT SRACK
18:41:15 MONTR	.MOUNT TST
18:41:15 USER	[18:41:15]
18:41:15 USER	[S:UMOUNT 26(1) + ]
18:41:15 USER	Structure already mounted
18:41:15 USER	[Mount count = 1]
18:41:16 USER	No entry in AUXACC.SYS
18:41:17 USER	
18:41:17 USER	TST Mounted
18:41:17 MONTR	[0.43 1.98 71 0]
18:41:17 MONTR	
18:41:17 MONTR	..R SETSRC
18:41:18 USER	[18:41:18]
18:41:18 USER	
18:41:18 USER	[S:SETSRC 12A(45)]
18:41:18 USER	
18:41:18 USER	**A TST,*
18:41:19 USER	
18:41:19 USER	*[0.13 1.35 11 0]
18:41:19 MONTR	
18:41:19 MONTR	..SET WATCH ALL
18:41:20 MONTR	
18:41:20 MONTR	.
18:41:20 BATCH	.NOERROR
		; LEXICA.BLI REQUIRES 75K OF CORE TO COMPILE
18:41:20 BATCH	.PLEASE SET CORMAX TO 75K FOR A LITTLE WHILE - THANK YOU^[
18:41:20 BATCH	.PLEASE ANOTHER MESSAGE WILL BE SENT WHEN THE COMPILATION IS DONE^[
18:41:20 MONTR	.RUN NEW:BLIS10
18:41:20 USER	[18:41:21]
18:41:20 USER	
18:41:25 USER	[S:BLIS10 5(124) + ]
18:41:25 USER	**SRCA/S_SRCA.BLI
18:43:19 USER	
18:43:19 USER	Module length: 563+30
18:43:19 USER	Literal table used:  151 of 256 Entries
18:43:19 USER	Stack used: 355 of 1024 Words
18:43:20 USER	Max core used: 20 + 38 K
18:43:20 USER	
18:43:20 USER	[BLSNED No errors detected]
18:43:20 USER	
18:43:20 USER	*
		;
		;
		;
18:43:20 USER	
18:43:21 USER	*
18:43:21 BLABL	ERRBCK::
18:43:22 MONTR	[:01:27 :02:01 531 18]
18:43:22 MONTR	
18:43:22 MONTR	..RUN NEW:BLIS10
18:43:22 USER	[18:43:22]
18:43:22 USER	
18:43:22 USER	[S:BLIS10 5(124) + ]
18:43:22 USER	**ERROVB/S_ERROVB.BLI
18:43:23 USER	
18:43:23 USER	Module length: 2+0
18:43:23 USER	Literal table used:  3 of 256 Entries
18:43:23 USER	Stack used: 84 of 1024 Words
18:43:23 USER	Max core used: 7 + 38 K
18:43:23 USER	
18:43:23 USER	[BLSNED No errors detected]
18:43:23 USER	
18:43:24 USER	*
		;
		;
		;
18:43:24 USER	
18:43:25 USER	*
18:43:25 BLABL	ERROCK::
18:43:26 MONTR	[1.00 3.35 38 10]
18:43:26 MONTR	
18:43:26 MONTR	..RUN NEW:BLIS10
18:43:26 USER	[18:43:26]
18:43:26 USER	
18:43:26 USER	[S:BLIS10 5(124) + ]
18:43:26 USER	**ERROUT/S_ERROUT.BLI
18:43:34 USER	
18:43:34 USER	Module length: 2+1006
18:43:34 USER	Literal table used:  5 of 256 Entries
18:43:35 USER	Stack used: 114 of 1024 Words
18:43:35 USER	Max core used: 9 + 38 K
18:43:35 USER	
18:43:35 USER	[BLSNED No errors detected]
18:43:35 USER	
18:43:35 USER	*
		;
		;
		;
18:43:35 USER	
18:43:36 USER	*
18:43:36 USER	*
18:43:36 BLABL	FLTGCK::
18:43:36 MONTR	[6.31 10.20 52 21]
18:43:36 MONTR	
18:43:36 MONTR	..RUN DSK:MACRO[10,7]
18:43:37 USER	[18:43:37]
18:43:37 USER	
18:43:37 USER	[MACRO 47(113) + ]
18:43:37 USER	
18:43:37 USER	**FLTGEN_FLTGEN.MAC
18:43:49 USER	
18:43:49 USER	NO ERRORS DETECTED
18:43:49 USER	
18:43:49 USER	HI-SEG. BREAK IS 400404
18:43:49 USER	PROGRAM BREAK IS 000000
18:43:49 USER	
18:43:49 USER	3K CORE USED
18:43:50 USER	
18:43:50 USER	*
		;
		;
		;
18:43:50 USER	
18:43:50 USER	
18:43:50 USER	*
18:43:50 BLABL	VLTPCK::
18:43:51 MONTR	[10.83 13.65 59 10]
18:43:51 MONTR	
18:43:51 MONTR	..RUN NEW:BLIS10
18:43:51 USER	[18:43:51]
18:43:51 USER	
18:43:53 USER	[S:BLIS10 5(124) + ]
18:43:53 USER	**VLTPPR/S_VLTPPR.BLI
18:45:18 USER	
18:45:18 USER	Module length: 397+98
18:45:18 USER	Literal table used:  152 of 256 Entries
18:45:19 USER	Stack used: 288 of 1024 Words
18:45:19 USER	Max core used: 20 + 38 K
18:45:19 USER	
18:45:19 USER	[BLSNED No errors detected]
18:45:19 USER	
18:45:19 USER	*
		;
		;
		;
18:45:19 USER	
18:45:20 USER	*
18:45:20 BLABL	ARRXCK::
18:45:20 MONTR	[:01:14 :01:29 224 17]
18:45:20 MONTR	
18:45:20 MONTR	..RUN NEW:BLIS10
18:45:21 USER	[18:45:21]
18:45:21 USER	
18:45:21 USER	[S:BLIS10 5(124) + ]
18:45:21 USER	**ARRXPN/S_ARRXPN.BLI
18:46:57 USER	
18:46:57 USER	Module length: 468+36
18:46:57 USER	Literal table used:  172 of 256 Entries
18:46:57 USER	Stack used: 407 of 1024 Words
18:46:57 USER	Max core used: 20 + 38 K
18:46:57 USER	
18:46:57 USER	[BLSNED No errors detected]
18:46:59 USER	
18:46:59 USER	*
		;
		;
		;
18:46:59 USER	
18:46:59 USER	*
18:46:59 USER	*
18:46:59 BLABL	DOXPCK::
18:47:00 MONTR	[:01:20 :01:39 233 19]
18:47:00 MONTR	
18:47:00 MONTR	..RUN NEW:BLIS10
18:47:00 USER	[18:47:01]
18:47:00 USER	
18:47:00 USER	[S:BLIS10 5(124) + ]
18:47:00 USER	**DOXPN/S_DOXPN.BLI
18:49:15 USER	
18:49:16 USER	Module length: 1024+70
18:49:16 USER	Literal table used:  190 of 256 Entries
18:49:16 USER	Stack used: 336 of 1024 Words
18:49:16 USER	Max core used: 21 + 38 K
18:49:16 USER	
18:49:16 USER	[BLSNED No errors detected]
18:49:16 USER	
18:49:17 USER	*
		;
		;
		;
18:49:17 BLABL	CNSCK::
18:49:18 MONTR	[:01:50 :02:17 235 28]
18:49:18 MONTR	
18:49:18 MONTR	..RUN DSK:MACRO[10,7]
18:49:18 USER	[18:49:18]
18:49:18 USER	
18:49:19 USER	[MACRO 47(113) + ]
18:49:19 USER	
18:49:19 USER	**CNSTCM_CNSTCM.MAC
18:49:29 USER	
18:49:29 USER	NO ERRORS DETECTED
18:49:29 USER	
18:49:29 USER	PROGRAM BREAK IS 001006
18:49:29 USER	
18:49:29 USER	2K CORE USED
18:49:30 USER	
18:49:30 USER	*
		;
		;
		;
18:49:30 BLABL	DPSICK::
18:49:30 MONTR	[8.70 12.00 160 13]
18:49:30 MONTR	
18:49:30 MONTR	..RUN DSK:MACRO[10,7]
18:49:30 USER	[18:49:31]
18:49:30 USER	
18:49:31 USER	[MACRO 47(113) + ]
18:49:31 USER	
18:49:31 USER	**DPSIM_DPSIM.MAC
18:49:37 USER	
18:49:37 USER	NO ERRORS DETECTED
18:49:37 USER	
18:49:37 USER	PROGRAM BREAK IS 000374
18:49:37 USER	
18:49:38 USER	2K CORE USED
18:49:38 USER	
18:49:38 USER	*
		;
		;
		;
18:49:38 USER	
18:49:38 USER	
18:49:38 USER	*
18:49:38 BLABL	FAZ1CK::
18:49:39 MONTR	[4.96 7.96 67 10]
18:49:39 MONTR	
18:49:39 MONTR	..RUN NEW:BLIS10
18:49:39 USER	[18:49:39]
18:49:39 USER	
18:49:40 USER	[S:BLIS10 5(124) + ]
18:49:40 USER	**FAZ1/S_FAZ1.BLI
18:51:12 USER	
18:51:12 USER	Module length: 461+793
18:51:12 USER	Literal table used:  622 of 1024 Entries
18:51:12 USER	Stack used: 331 of 1024 Words
18:51:14 USER	Max core used: 16 + 38 K
18:51:14 USER	
18:51:14 USER	[BLSNED No errors detected]
18:51:14 USER	
18:51:14 USER	*
		;
		;
		;
18:51:14 USER	
18:51:14 USER	*
18:51:14 BLABL	GNRCCK::
18:51:14 MONTR	[:01:14 :01:35 164 23]
18:51:14 MONTR	
18:51:14 MONTR	..RUN NEW:BLIS10
18:51:14 USER	[18:51:15]
18:51:14 USER	
18:51:15 USER	[S:BLIS10 5(124) + ]
18:51:15 USER	**GNRCFN/S_GNRCFN.BLI
18:52:31 USER	
18:52:31 USER	Module length: 132+82
18:52:31 USER	Literal table used:  205 of 512 Entries
18:52:31 USER	Stack used: 335 of 1024 Words
18:52:32 USER	Max core used: 20 + 38 K
18:52:32 USER	
18:52:32 USER	[BLSNED No errors detected]
18:52:32 USER	
18:52:33 USER	*
		;
		;
		;
18:52:33 USER	
18:52:33 USER	*
18:52:33 BLABL	EXPRCK::
18:52:33 MONTR	[:01:03 :01:19 211 13]
18:52:33 MONTR	
18:52:33 MONTR	..RUN NEW:BLIS10
18:52:34 USER	[18:52:34]
18:52:34 USER	
18:52:34 USER	[S:BLIS10 5(124) + ]
18:52:34 USER	**EXPRES/S_EXPRES.BLI
18:54:49 USER	
18:54:49 USER	Module length: 884+80
18:54:49 USER	Literal table used:  184 of 256 Entries
18:54:51 USER	Stack used: 444 of 1024 Words
18:54:51 USER	Max core used: 22 + 38 K
18:54:51 USER	
18:54:51 USER	[BLSNED No errors detected]
18:54:51 USER	
18:54:51 USER	*
		;
		;
		;
18:54:51 USER	
18:54:52 USER	*
18:54:52 BLABL	FORMCK::
18:54:52 MONTR	[:01:53 :02:19 238 23]
18:54:52 MONTR	
18:54:52 MONTR	..RUN NEW:BLIS10
18:54:53 USER	[18:54:53]
18:54:53 USER	
18:54:53 USER	[S:BLIS10 5(124) + ]
18:54:53 USER	**FORMAT/S_FORMAT.BLI
18:55:37 USER	
18:55:37 USER	Module length: 284+284
18:55:37 USER	Literal table used:  259 of 512 Entries
18:55:38 USER	Stack used: 272 of 1024 Words
18:55:38 USER	Max core used: 13 + 38 K
18:55:38 USER	
18:55:38 USER	[BLSNED No errors detected]
18:55:38 USER	
18:55:38 USER	*
		;
		;
		;
18:55:38 USER	
18:55:38 USER	*
18:55:38 BLABL	ACT0CK::
18:55:39 MONTR	[36.73 46.13 122 17]
18:55:39 MONTR	
18:55:39 MONTR	..RUN NEW:BLIS10
18:55:39 USER	[18:55:40]
18:55:39 USER	
18:55:40 USER	[S:BLIS10 5(124) + ]
18:55:40 USER	**ACT0/S_ACT0.BLI
18:57:23 USER	
18:57:23 USER	Module length: 391+39
18:57:23 USER	Literal table used:  157 of 256 Entries
18:57:25 USER	Stack used: 289 of 1024 Words
18:57:25 USER	Max core used: 20 + 38 K
18:57:25 USER	
18:57:25 USER	[BLSNED No errors detected]
18:57:25 USER	
18:57:26 USER	*
		;
		;
		;
18:57:26 USER	
18:57:26 USER	*
18:57:26 BLABL	ACT1CK::
18:57:27 MONTR	[:01:22 :01:47 233 17]
18:57:27 MONTR	
18:57:27 MONTR	..RUN NEW:BLIS10
18:57:27 USER	[18:57:27]
18:57:27 USER	
18:57:27 USER	[S:BLIS10 5(124) + ]
18:57:27 USER	**ACT1/S_ACT1.BLI
19:01:18 USER	
19:01:18 USER	Module length: 1955+240
19:01:18 USER	Literal table used:  260 of 512 Entries
19:01:18 USER	Stack used: 423 of 1024 Words
19:01:18 USER	Max core used: 23 + 38 K
19:01:19 USER	
19:01:19 USER	[BLSNED No errors detected]
19:01:19 USER	
19:01:20 USER	*
		;
		;
		;
19:01:20 BLABL	STA0CK::
19:01:21 MONTR	[:03:06 :03:53 296 41]
19:01:21 MONTR	
19:01:21 MONTR	..RUN NEW:BLIS10
19:01:21 USER	[19:01:21]
19:01:21 USER	
19:01:21 USER	[S:BLIS10 5(124) + ]
19:01:21 USER	**STA0/S_STA0.BLI
19:03:17 USER	
19:03:17 USER	Module length: 633+54
19:03:17 USER	Literal table used:  166 of 256 Entries
19:03:17 USER	Stack used: 315 of 1024 Words
19:03:18 USER	Max core used: 21 + 38 K
19:03:18 USER	
19:03:18 USER	[BLSNED No errors detected]
19:03:18 USER	
19:03:18 USER	*
		;
		;
		;
19:03:18 USER	
19:03:19 USER	*
19:03:19 BLABL	STA1CK::
19:03:19 MONTR	[:01:35 :01:59 251 21]
19:03:19 MONTR	
19:03:19 MONTR	..RUN NEW:BLIS10
19:03:19 USER	[19:03:20]
19:03:19 USER	
19:03:20 USER	[S:BLIS10 5(124) + ]
19:03:20 USER	**STA1/S_STA1.BLI
19:05:50 USER	
19:05:50 USER	Module length: 967+148
19:05:50 USER	Literal table used:  208 of 512 Entries
19:05:50 USER	Stack used: 373 of 1024 Words
19:05:50 USER	Max core used: 22 + 38 K
19:05:50 USER	
19:05:51 USER	[BLSNED No errors detected]
19:05:51 USER	
19:05:52 USER	*
		;
		;
		;
19:05:52 USER	
19:05:52 USER	*
19:05:52 BLABL	STA2CK::
19:05:53 MONTR	[:02:01 :02:33 262 26]
19:05:53 MONTR	
19:05:53 MONTR	..RUN NEW:BLIS10
19:05:53 USER	[19:05:53]
19:05:53 USER	
19:05:53 USER	[S:BLIS10 5(124) + ]
19:05:53 USER	**STA2/S_STA2.BLI
19:08:15 USER	
19:08:15 USER	Module length: 874+61
19:08:15 USER	Literal table used:  186 of 256 Entries
19:08:15 USER	Stack used: 407 of 1024 Words
19:08:15 USER	Max core used: 22 + 38 K
19:08:15 USER	
19:08:15 USER	[BLSNED No errors detected]
19:08:15 USER	
19:08:16 USER	*
		;
		;
		;
19:08:16 USER	
19:08:16 USER	*
19:08:16 BLABL	STA3CK::
19:08:17 MONTR	[:01:50 :02:23 255 26]
19:08:17 MONTR	
19:08:17 MONTR	..RUN NEW:BLIS10
19:08:17 USER	[19:08:17]
19:08:17 USER	
19:08:17 USER	[S:BLIS10 5(124) + ]
19:08:17 USER	**STA3/S_STA3.BLI
19:10:31 USER	
19:10:31 USER	Module length: 926+69
19:10:31 USER	Literal table used:  188 of 256 Entries
19:10:31 USER	Stack used: 341 of 1024 Words
19:10:31 USER	Max core used: 21 + 38 K
19:10:31 USER	
19:10:31 USER	[BLSNED No errors detected]
19:10:31 USER	
19:10:32 USER	*
		;
		;
		;
19:10:32 USER	
19:10:32 USER	*
19:10:32 BLABL	LISTCK::
19:10:33 MONTR	[:01:55 :02:16 256 24]
19:10:33 MONTR	
19:10:33 MONTR	..RUN NEW:BLIS10
19:10:33 USER	[19:10:34]
19:10:33 USER	
19:10:33 USER	[S:BLIS10 5(124) + ]
19:10:33 USER	**LISTNG/S_LISTNG.BLI
19:11:45 USER	
19:11:45 USER	Module length: 1020+95
19:11:45 USER	Literal table used:  113 of 256 Entries
19:11:45 USER	Stack used: 325 of 1024 Words
19:11:47 USER	Max core used: 11 + 38 K
19:11:47 USER	
19:11:47 USER	[BLSNED No errors detected]
19:11:47 USER	
19:11:47 USER	*
		;
		;
		;
19:11:47 BLABL	LEXSCK::
19:11:47 MONTR	[59.28 :01:14 104 27]
19:11:47 MONTR	
19:11:47 MONTR	..RUN NEW:BLIS10
19:11:48 USER	[19:11:48]
19:11:48 USER	
19:11:48 USER	[S:BLIS10 5(124) + ]
19:11:48 USER	**LEXSUP/S_LEXSUP.BLI
19:13:25 USER	
19:13:25 USER	Module length: 262+217
19:13:25 USER	Literal table used:  181 of 256 Entries
19:13:25 USER	Stack used: 279 of 1024 Words
19:13:26 USER	Max core used: 20 + 38 K
19:13:26 USER	
19:13:26 USER	[BLSNED No errors detected]
19:13:26 USER	
19:13:27 USER	*
		;
		;
		;
19:13:27 BLABL	CODECK::
19:13:27 MONTR	[:01:15 :01:40 230 17]
19:13:27 MONTR	
19:13:27 MONTR	..RUN NEW:BLIS10
19:13:28 USER	[19:13:28]
19:13:28 USER	
19:13:28 USER	[S:BLIS10 5(124) + ]
19:13:28 USER	**CODETA/S_CODETA.BLI
19:13:52 USER	
19:13:52 USER	Module length: 30+587
19:13:52 USER	Literal table used:  145 of 256 Entries
19:13:52 USER	Stack used: 254 of 1024 Words
19:13:53 USER	Max core used: 11 + 38 K
19:13:53 USER	
19:13:53 USER	[BLSNED No errors detected]
19:13:53 USER	
19:13:54 USER	*
		;
		;
		;
19:13:54 BLABL	LEXICK::
19:13:54 MONTR	[20.88 26.11 92 18]
19:13:54 MONTR	
19:13:54 MONTR	..RUN NEW:BLIS10
19:13:54 USER	[19:13:55]
19:13:54 USER	
19:13:55 USER	[S:BLIS10 5(124) + ]
19:13:55 USER	**LEXICA/S_LEXICA.BLI
19:19:08 USER	
19:19:08 USER	Module length: 1787+432
19:19:08 USER	Literal table used:  573 of 768 Entries
19:19:08 USER	Stack used: 430 of 1024 Words
19:19:11 USER	Max core used: 36 + 38 K
19:19:11 USER	
19:19:11 USER	[BLSNED No errors detected]
19:19:11 USER	
19:19:11 USER	*
19:19:11 BATCH	.PLEASE CORMAX CAN BE RESET NOW - THANK YOU^[
		;
		;
		;
19:19:11 BLABL	DRIVCK::
19:19:11 MONTR	[:04:09 :05:17 263 44]
19:19:11 MONTR	
19:19:11 MONTR	..RUN NEW:BLIS10
19:19:12 USER	[19:19:12]
19:19:12 USER	
19:19:12 USER	[S:BLIS10 5(124) + ]
19:19:12 USER	**DRIVER/S_DRIVER.BLI
19:20:53 USER	
19:20:53 USER	Module length: 485+90
19:20:53 USER	Literal table used:  191 of 256 Entries
19:20:53 USER	Stack used: 346 of 1024 Words
19:20:54 USER	Max core used: 20 + 38 K
19:20:54 USER	
19:20:54 USER	[BLSNED No errors detected]
19:20:54 USER	
19:20:55 USER	*
		;
		;
		;
		; ALL PHASE 1 SOURCES ARE NOW COMPILED.  LET'S LOAD PHASE 1.
19:20:55 BLABL	P1CK::
19:20:55 BATCH	.CHKPNT P1CK
19:20:57 MONTR	[:01:21 :01:45 239 19]
19:20:57 MONTR	
19:20:57 MONTR	..MOUNT TST
19:20:57 USER	[19:20:57]
19:20:57 USER	[S:UMOUNT 26(1) + ]
19:20:57 USER	Structure already mounted
19:20:57 USER	[Mount count = 1]
19:20:57 USER	No entry in AUXACC.SYS
19:20:58 USER	
19:20:58 USER	TST Mounted
19:20:59 MONTR	[0.35 1.50 39 0]
19:20:59 MONTR	
19:20:59 MONTR	..R SETSRC
19:20:59 USER	[19:20:59]
19:20:59 USER	
19:20:59 USER	[S:SETSRC 12A(45)]
19:21:00 USER	
19:21:00 USER	**A TST,*
19:21:00 USER	
19:21:00 USER	*[0.16 1.60 39 0]
19:21:01 MONTR	
19:21:01 MONTR	..SET WATCH ALL
19:21:01 MONTR	
19:21:01 MONTR	.
19:21:01 BATCH	.NOERROR
19:21:01 MONTR	.TYPE P1.CMD
19:21:01 USER	[19:21:01]
19:21:01 USER	[S:COMPIL 22A(203) + ]
19:21:01 USER	[]
19:21:01 USER	[S:PIP 33A(132) + ]
19:21:02 USER	P1.MAP/MAP /HASHSIZE:1000 = MAIN,GLOBAL,SCAN[10,7]/ONLY:LOW,WILD[10,7]/ONLY:LOW,COMMAND/ONLY:LOW,SRCA,FLTGEN,VLTPPR,ARRXPN,DOXPN,CNSTCM,DPSIM,FAZ1,GNRCFN,EXPRES,STA0,STA1,STA2,STA3,FORMAT,ACT0,ACT1,INOUT,ERROUT,ERR3,ERROVB,CODETA,LEXSUP,LEXICA,LISTNG,UNEND,DRIVER,JOBD/G
19:21:02 MONTR	[0.31 0.63 2 0]
19:21:02 MONTR	
19:21:02 MONTR	..RUN DSK:LINK[10,7]
19:21:03 USER	[19:21:02]
19:21:03 USER	
19:21:03 USER	[LINK 2(222) + ]
19:21:03 USER	[]
19:21:03 USER	[ + LNKSCN 2(222)]
19:21:03 USER	**@P1.CMD
19:21:25 USER	[]
19:21:25 USER	[ + LNKLOD 2(222)]
19:21:25 USER	?LNKUGS 5 undefined global symbols
19:21:25 USER		.TNEWL	0
19:21:25 USER		.POPJ1	0
19:21:25 USER		.SWDON	0
19:21:25 USER		.TCRLF	0
19:21:25 USER		GUIDT.	0
19:21:29 USER	[]
19:21:29 USER	[ + LNKMAP 2(222)]
19:21:29 USER	[]
19:21:29 USER	[ + LNKXIT 2(222)]
19:21:29 USER	[]
19:21:29 USER	[:DRIV 4(200) + ]
19:21:29 MONTR	
19:21:29 MONTR	EXIT
19:21:29 MONTR	[14.86 27.73 546 79]
19:21:29 MONTR	
19:21:29 MONTR	..SSAVE FORTB
19:21:29 USER	[19:21:30]
19:21:33 MONTR	Job saved
19:21:33 MONTR	[0.26 3.28 53 175]
19:21:33 MONTR	
19:21:33 MONTR	.
		;
		;
19:21:33 BLABL	P1END::
		;
		; THIS IS THE END OF PHASE 1 BUILDING SECTION.
		;111111111111111111111111111111111111111111111111111111111111
		; ********** FORTC.CTL **********
		;2S2S2S2S2S2S2S2S2S2S2S2S2S2S2S2S2S2S2S2S2S2S2S2S2S2S2S2S2S2S
		; NOW LET'S COMPILE AND LOAD PHASE 2S.
		;
		;
		;
		
19:21:33 BLABL	MEMCK::
19:21:33 BATCH	.CHKPNT MEMCK
19:21:34 MONTR	.MOUNT TST
19:21:34 USER	[19:21:34]
19:21:34 USER	[S:UMOUNT 26(1) + ]
19:21:34 USER	Structure already mounted
19:21:34 USER	[Mount count = 1]
19:21:35 USER	No entry in AUXACC.SYS
19:21:35 USER	
19:21:35 USER	TST Mounted
19:21:36 MONTR	[0.36 1.68 40 0]
19:21:36 MONTR	
19:21:36 MONTR	..R SETSRC
19:21:36 USER	[19:21:37]
19:21:36 USER	
19:21:37 USER	[S:SETSRC 12A(45)]
19:21:37 USER	
19:21:37 USER	**A TST,*
19:21:37 USER	
19:21:37 USER	*[0.15 0.86 25 0]
19:21:38 MONTR	
19:21:38 MONTR	..SET WATCH ALL
19:21:38 MONTR	
19:21:38 MONTR	.
19:21:38 BATCH	.NOERROR
		
19:21:38 MONTR	.RUN NEW:BLIS10
19:21:38 USER	[19:21:38]
19:21:38 USER	
19:21:39 USER	[S:BLIS10 5(124) + ]
19:21:40 USER	**MEMCMP/S_MEMCMP.BLI
19:23:26 USER	
19:23:26 USER	Module length: 406+23
19:23:26 USER	Literal table used:  157 of 256 Entries
19:23:26 USER	Stack used: 403 of 1024 Words
19:23:26 USER	Max core used: 20 + 38 K
19:23:26 USER	
19:23:26 USER	[BLSNED No errors detected]
19:23:26 USER	
19:23:27 USER	*
		;
		;
		;
19:23:27 USER	
19:23:27 USER	*
19:23:27 BLABL	ERRVC::
19:23:28 MONTR	[:01:21 :01:50 226 16]
19:23:28 MONTR	
19:23:28 MONTR	..RUN NEW:BLIS10
19:23:28 USER	[19:23:28]
19:23:28 USER	
19:23:28 USER	[S:BLIS10 5(124) + ]
19:23:28 USER	**ERROVC/S_ERROVC.BLI
19:23:30 USER	
19:23:30 USER	Module length: 2+10
19:23:30 USER	Literal table used:  3 of 256 Entries
19:23:30 USER	Stack used: 110 of 1024 Words
19:23:30 USER	Max core used: 7 + 38 K
19:23:30 USER	
19:23:30 USER	[BLSNED No errors detected]
19:23:30 USER	
19:23:32 USER	*
		;
		;
		;
19:23:32 USER	
19:23:32 USER	*
19:23:32 BLABL	SKSTCK::
19:23:32 MONTR	[1.25 3.86 46 10]
19:23:32 MONTR	
19:23:32 MONTR	..RUN NEW:BLIS10
19:23:32 USER	[19:23:33]
19:23:32 USER	
19:23:33 USER	[S:BLIS10 5(124) + ]
19:23:33 USER	**SKSTMN/S_SKSTMN.BLI
19:26:21 USER	
19:26:21 USER	Module length: 1405+45
19:26:21 USER	Literal table used:  174 of 256 Entries
19:26:23 USER	Stack used: 390 of 1024 Words
19:26:23 USER	Max core used: 21 + 38 K
19:26:23 USER	
19:26:23 USER	[BLSNED No errors detected]
19:26:23 USER	
19:26:23 USER	*
		;
		;
		;
19:26:23 BLABL	GO2CK::
19:26:24 MONTR	[:02:24 :02:51 277 31]
19:26:24 MONTR	
19:26:24 MONTR	..RUN NEW:BLIS10
19:26:24 USER	[19:26:24]
19:26:24 USER	
19:26:24 USER	[S:BLIS10 5(124) + ]
19:26:24 USER	*GOPT2/S=GOPT2.BLI
19:27:39 USER	
19:27:39 USER	Module length: 75+6
19:27:39 USER	Literal table used:  141 of 256 Entries
19:27:39 USER	Stack used: 335 of 1024 Words
19:27:39 USER	Max core used: 19 + 38 K
19:27:39 USER	
19:27:39 USER	[BLSNED No errors detected]
19:27:39 USER	
19:27:41 USER	*
		;
		;
		;
		;
19:27:41 USER	
19:27:41 USER	*
19:27:41 BLABL	INPTCK::
19:27:41 MONTR	[57.43 :01:17 212 11]
19:27:41 MONTR	
19:27:41 MONTR	..RUN NEW:BLIS10
19:27:41 USER	[19:27:42]
19:27:41 USER	
19:27:42 USER	[S:BLIS10 5(124) + ]
19:27:42 USER	**INPT/S_INPT.BLI
19:28:51 USER	
19:28:51 USER	Module length: 52+5
19:28:51 USER	Literal table used:  137 of 256 Entries
19:28:51 USER	Stack used: 345 of 1024 Words
19:28:51 USER	Max core used: 19 + 38 K
19:28:51 USER	
19:28:51 USER	[BLSNED No errors detected]
19:28:53 USER	
19:28:53 USER	*
		;
		;
		;
19:28:53 USER	
19:28:53 USER	*
19:28:53 BLABL	DOPTCK::
19:28:53 MONTR	[55.86 :01:11 217 11]
19:28:53 MONTR	
19:28:53 MONTR	..RUN DSK:MACRO[10,7]
19:28:53 USER	[19:28:54]
19:28:53 USER	
19:28:54 USER	[MACRO 47(113) + ]
19:28:54 USER	
19:28:54 USER	**DOPT_DOPT
19:28:55 USER	
19:28:55 USER	NO ERRORS DETECTED
19:28:55 USER	
19:28:55 USER	PROGRAM BREAK IS 000000
19:28:55 USER	
19:28:55 USER	2K CORE USED
19:28:56 USER	
19:28:56 USER	*
		;
		;
		;
19:28:56 USER	
19:28:56 USER	
19:28:56 USER	*
19:28:56 BLABL	P2S1CK::
19:28:56 MONTR	[0.40 2.45 33 7]
19:28:56 MONTR	
19:28:56 MONTR	..RUN NEW:BLIS10
19:28:56 USER	[19:28:57]
19:28:56 USER	
19:28:57 USER	[S:BLIS10 5(124) + ]
19:28:57 USER	**P2S1/S_P2S1.BLI
19:32:01 USER	
19:32:01 USER	Module length: 1553+87
19:32:01 USER	Literal table used:  185 of 256 Entries
19:32:03 USER	Stack used: 377 of 1024 Words
19:32:03 USER	Max core used: 21 + 38 K
19:32:03 USER	
19:32:03 USER	[BLSNED No errors detected]
19:32:03 USER	
19:32:03 USER	*
		;
		;
		;
19:32:03 USER	
19:32:04 USER	*
19:32:04 BLABL	P2S2CK::
19:32:04 MONTR	[:02:33 :03:08 273 34]
19:32:04 MONTR	
19:32:04 MONTR	..RUN NEW:BLIS10
19:32:05 USER	[19:32:05]
19:32:05 USER	
19:32:05 USER	[S:BLIS10 5(124) + ]
19:32:05 USER	**P2S2/S_P2S2.BLI
19:35:15 USER	
19:35:15 USER	Module length: 1568+64
19:35:15 USER	Literal table used:  191 of 256 Entries
19:35:17 USER	Stack used: 373 of 1024 Words
19:35:17 USER	Max core used: 22 + 38 K
19:35:17 USER	
19:35:17 USER	[BLSNED No errors detected]
19:35:17 USER	
19:35:17 USER	*
		;
		;
		;
19:35:17 USER	
19:35:18 USER	*
19:35:18 BLABL	CANNCK::
19:35:19 MONTR	[:02:37 :03:14 276 33]
19:35:19 MONTR	
19:35:19 MONTR	..RUN NEW:BLIS10
19:35:19 USER	[19:35:19]
19:35:19 USER	
19:35:20 USER	[S:BLIS10 5(124) + ]
19:35:20 USER	**CANNON/S_CANNON.BLI
19:37:21 USER	
19:37:21 USER	Module length: 654+44
19:37:21 USER	Literal table used:  174 of 256 Entries
19:37:21 USER	Stack used: 417 of 1024 Words
19:37:21 USER	Max core used: 22 + 38 K
19:37:21 USER	
19:37:21 USER	[BLSNED No errors detected]
19:37:23 USER	
19:37:23 USER	*
		;
		;
		;
19:37:23 USER	
19:37:23 USER	*
19:37:23 BLABL	COMSCK::
19:37:23 MONTR	[:01:39 :02:04 248 20]
19:37:23 MONTR	
19:37:23 MONTR	..RUN NEW:BLIS10
19:37:23 USER	[19:37:24]
19:37:23 USER	
19:37:24 USER	[S:BLIS10 5(124) + ]
19:37:24 USER	**COMSUB/S_COMSUB.BLI
19:41:58 USER	
19:41:58 USER	Module length: 2641+76
19:41:58 USER	Literal table used:  206 of 512 Entries
19:41:58 USER	Stack used: 370 of 1024 Words
19:41:59 USER	Max core used: 23 + 38 K
19:42:00 USER	
19:42:00 USER	[BLSNED No errors detected]
19:42:00 USER	
19:42:00 USER	*
		;
		;
		;
19:42:01 MONTR	[:04:01 :04:37 315 47]
19:42:01 MONTR	
19:42:01 MONTR	..RUN DSK:MACRO[10,7]
19:42:01 USER	[19:42:01]
19:42:01 USER	
19:42:01 USER	[MACRO 47(113) + ]
19:42:01 USER	
19:42:01 USER	**DGCMN=DGCMN
19:42:02 USER	
19:42:02 USER	NO ERRORS DETECTED
19:42:02 USER	
19:42:02 USER	PROGRAM BREAK IS 000000
19:42:02 USER	
19:42:02 USER	2K CORE USED
19:42:03 USER	
19:42:03 USER	*
		;
		;
		;
19:42:03 USER	
19:42:03 USER	
19:42:03 USER	*
19:42:03 BLABL	GOPTCK::
19:42:04 MONTR	[0.56 2.55 35 7]
19:42:04 MONTR	
19:42:04 MONTR	..RUN NEW:BLIS10
19:42:04 USER	[19:42:04]
19:42:04 USER	
19:42:04 USER	[S:BLIS10 5(124) + ]
19:42:04 USER	**GOPTIM/S_GOPTIM.BLI
19:43:56 USER	
19:43:56 USER	Module length: 517+18
19:43:56 USER	Literal table used:  149 of 256 Entries
19:43:56 USER	Stack used: 353 of 1024 Words
19:43:57 USER	Max core used: 21 + 38 K
19:43:57 USER	
19:43:57 USER	[BLSNED No errors detected]
19:43:57 USER	
19:43:57 USER	*
		;
		;
		;
19:43:57 USER	
19:43:57 USER	*
19:43:57 BLABL	UTILCK::
19:43:58 MONTR	[:01:27 :01:54 238 16]
19:43:58 MONTR	
19:43:58 MONTR	..RUN NEW:BLIS10
19:43:58 USER	[19:43:59]
19:43:58 USER	
19:43:58 USER	[S:BLIS10 5(124) + ]
19:43:58 USER	**UTIL/S_UTIL.BLI
19:46:31 USER	
19:46:31 USER	Module length: 1199+58
19:46:31 USER	Literal table used:  173 of 256 Entries
19:46:31 USER	Stack used: 362 of 1024 Words
19:46:31 USER	Max core used: 20 + 38 K
19:46:31 USER	
19:46:31 USER	[BLSNED No errors detected]
19:46:31 USER	
19:46:32 USER	*
		;
		;
		;
19:46:32 USER	
19:46:32 USER	*
19:46:32 BLABL	PH2SCK::
19:46:32 MONTR	[:02:01 :02:34 253 26]
19:46:32 MONTR	
19:46:32 MONTR	..RUN NEW:BLIS10
19:46:33 USER	[19:46:33]
19:46:33 USER	
19:46:33 USER	[S:BLIS10 5(124) + ]
19:46:33 USER	**PH2S/S_PH2S.BLI
19:47:50 USER	
19:47:50 USER	Module length: 36+1
19:47:50 USER	Literal table used:  134 of 256 Entries
19:47:51 USER	Stack used: 243 of 1024 Words
19:47:51 USER	Max core used: 18 + 38 K
19:47:51 USER	
19:47:51 USER	[BLSNED No errors detected]
19:47:51 USER	
19:47:51 USER	*
		;
		;
		;
		; ALL PHASE 2S SOURCES ARE NOW COMPILED.  LET'S LOAD PHASE 2S.
19:47:51 BLABL	P2SCK::
19:47:51 BATCH	.CHKPNT P2SCK
19:47:53 MONTR	[55.00 :01:20 212 10]
19:47:53 MONTR	
19:47:53 MONTR	..MOUNT TST
19:47:53 USER	[19:47:53]
19:47:53 USER	[S:UMOUNT 26(1) + ]
19:47:53 USER	Structure already mounted
19:47:53 USER	[Mount count = 1]
19:47:54 USER	No entry in AUXACC.SYS
19:47:55 USER	
19:47:55 USER	TST Mounted
19:47:55 MONTR	[0.35 1.81 41 0]
19:47:55 MONTR	
19:47:55 MONTR	..R SETSRC
19:47:56 USER	[19:47:56]
19:47:56 USER	
19:47:56 USER	[S:SETSRC 12A(45)]
19:47:56 USER	
19:47:56 USER	**A TST,*
19:47:57 USER	
19:47:57 USER	*[0.20 1.80 39 0]
19:47:58 MONTR	
19:47:58 MONTR	..SET WATCH ALL
19:47:58 MONTR	
19:47:58 MONTR	.
19:47:58 BATCH	.NOERROR
19:47:58 MONTR	.TYPE P2S.CMD
19:47:58 USER	[19:47:59]
19:47:59 USER	[S:COMPIL 22A(203) + ]
19:47:59 USER	[]
19:47:59 USER	[S:PIP 33A(132) + ]
19:47:59 USER	P2S.MAP/MAP /HASHSIZE:1000 = MAIN,GLOBAL,SCAN[10,7]/ONLY:LOW,WILD[10,7]/ONLY:LOW,COMMAND/ONLY:LOW,SRCA,INOUT,ERR3,ERROVC,CNSTCM,SKSTMN,INPT,DOPT,P2S1,P2S2,MEMCMP,CANNON,COMSUB,DGCMN,DPSIM,GOPTIM,UTIL,PH2S,JOBD/G
19:47:59 MONTR	[0.30 0.78 2 0]
19:47:59 MONTR	
19:47:59 MONTR	..RUN DSK:LINK[10,7]
19:48:00 USER	[19:48:00]
19:48:00 USER	
19:48:00 USER	[LINK 2(222) + ]
19:48:01 USER	[]
19:48:01 USER	[ + LNKSCN 2(222)]
19:48:01 USER	**@P2S.CMD
19:48:17 USER	[]
19:48:17 USER	[ + LNKLOD 2(222)]
19:48:17 USER	?LNKUGS 5 undefined global symbols
19:48:18 USER		.TNEWL	0
19:48:18 USER		.POPJ1	0
19:48:18 USER		.SWDON	0
19:48:18 USER		.TCRLF	0
19:48:18 USER		GUIDT.	0
19:48:18 USER	[]
19:48:18 USER	[ + LNKMAP 2(222)]
19:48:21 USER	[]
19:48:21 USER	[ + LNKXIT 2(222)]
19:48:21 USER	[]
19:48:21 USER	[:PH2S 4(200) + ]
19:48:21 MONTR	
19:48:21 MONTR	EXIT
19:48:21 MONTR	[10.15 22.25 382 55]
19:48:21 MONTR	
19:48:21 MONTR	..SSAVE FORTC
19:48:21 USER	[19:48:22]
19:48:25 MONTR	Job saved
19:48:25 MONTR	[0.30 3.46 53 116]
19:48:25 MONTR	
19:48:25 MONTR	.
		;
		;
19:48:25 BLABL	P2SND::
		;
		; THIS IS THE END OF PHASE 2S BUILDING SECTION.
		;2S2S2S2S2S2S2S2S2S2S2S2S2S2S2S2S2S2S2S2S2S2S2S2S2S2S2S2S2S2S
		; ********** FORTD.CTL **********
		
		
		;222222222222222222222222222222222222222222222222222222222222
		; NOW LET'S COMPILE AND LOAD PHASE 2.
		;
		;
		;
19:48:25 BLABL	GRACK::
19:48:25 BATCH	.CHKPNT GRACK
19:48:26 MONTR	.MOUNT TST
19:48:26 USER	[19:48:27]
19:48:28 USER	[S:UMOUNT 26(1) + ]
19:48:28 USER	Structure already mounted
19:48:28 USER	[Mount count = 1]
19:48:28 USER	No entry in AUXACC.SYS
19:48:29 USER	
19:48:29 USER	TST Mounted
19:48:29 MONTR	[0.40 2.20 39 0]
19:48:29 MONTR	
19:48:29 MONTR	..R SETSRC
19:48:29 USER	[19:48:30]
19:48:29 USER	
19:48:30 USER	[S:SETSRC 12A(45)]
19:48:30 USER	
19:48:30 USER	**A TST,*
19:48:31 USER	
19:48:31 USER	*[0.18 2.00 39 0]
19:48:32 MONTR	
19:48:32 MONTR	..SET WATCH ALL
19:48:33 MONTR	
19:48:33 MONTR	.
19:48:33 BATCH	.NOERROR
19:48:33 MONTR	.RUN NEW:BLIS10
19:48:33 USER	[19:48:33]
19:48:33 USER	
19:48:35 USER	[S:BLIS10 5(124) + ]
19:48:35 USER	**GRAPH/S_GRAPH.BLI
19:51:30 USER	
19:51:30 USER	Module length: 1492+20
19:51:31 USER	Literal table used:  145 of 256 Entries
19:51:31 USER	Stack used: 373 of 1024 Words
19:51:31 USER	Max core used: 21 + 38 K
19:51:31 USER	
19:51:31 USER	[BLSNED No errors detected]
19:51:31 USER	
19:51:32 USER	*
		;
		;
		;
19:51:32 USER	
19:51:32 USER	*
19:51:32 BLABL	ERRG::
19:51:32 MONTR	[:02:21 :02:59 279 34]
19:51:32 MONTR	
19:51:32 MONTR	..RUN NEW:BLIS10
19:51:32 USER	[19:51:33]
19:51:32 USER	
19:51:33 USER	[S:BLIS10 5(124) + ]
19:51:33 USER	**ERROVD/S_ERROVD.BLI
19:51:35 USER	
19:51:35 USER	Module length: 2+85
19:51:35 USER	Literal table used:  3 of 256 Entries
19:51:35 USER	Stack used: 110 of 1024 Words
19:51:35 USER	Max core used: 7 + 38 K
19:51:35 USER	
19:51:35 USER	[BLSNED No errors detected]
19:51:35 USER	
19:51:36 USER	*
		;
		;
		;
19:51:36 USER	
19:51:37 USER	*
19:51:37 BLABL	MOVA::
19:51:37 MONTR	[1.55 4.16 47 11]
19:51:37 MONTR	
19:51:37 MONTR	..RUN NEW:BLIS10
19:51:37 USER	[19:51:37]
19:51:37 USER	
19:51:37 USER	[S:BLIS10 5(124) + ]
19:51:37 USER	**MOVA/S_MOVA.BLI
19:53:13 USER	
19:53:13 USER	Module length: 333+11
19:53:13 USER	Literal table used:  144 of 256 Entries
19:53:13 USER	Stack used: 355 of 1024 Words
19:53:14 USER	Max core used: 21 + 38 K
19:53:14 USER	
19:53:14 USER	[BLSNED No errors detected]
19:53:14 USER	
19:53:15 USER	*
		;
		;
		;
19:53:15 USER	
19:53:15 USER	*
19:53:15 BLABL	DNPTCK::
19:53:15 MONTR	[:01:16 :01:39 236 14]
19:53:15 MONTR	
19:53:15 MONTR	..RUN DSK:MACRO[10,7]
19:53:16 USER	[19:53:16]
19:53:16 USER	
19:53:16 USER	[MACRO 47(113) + ]
19:53:16 USER	
19:53:16 USER	**DNPT_DNPT
19:53:17 USER	
19:53:17 USER	NO ERRORS DETECTED
19:53:17 USER	
19:53:17 USER	PROGRAM BREAK IS 000000
19:53:17 USER	
19:53:17 USER	2K CORE USED
19:53:18 USER	
19:53:18 USER	*
		;
		;
		;
19:53:18 USER	
19:53:18 USER	
19:53:18 USER	*
19:53:18 BLABL	IOPTCK::
19:53:18 MONTR	[0.35 2.50 35 7]
19:53:18 MONTR	
19:53:19 MONTR	..RUN NEW:BLIS10
19:53:19 USER	[19:53:19]
19:53:19 USER	
19:53:19 USER	[S:BLIS10 5(124) + ]
19:53:19 USER	**IOPT/S_IOPT
19:59:03 USER	
19:59:03 USER	Module length: 3506+70
19:59:03 USER	Literal table used:  204 of 512 Entries
19:59:03 USER	Stack used: 532 of 1024 Words
19:59:03 USER	Max core used: 25 + 38 K
19:59:03 USER	
19:59:03 USER	[BLSNED No errors detected]
19:59:04 USER	
19:59:05 USER	*
		;
		;
		;
19:59:05 USER	
19:59:05 USER	*
		;
		;
19:59:05 BLABL	GCMNCK::
19:59:05 MONTR	[:04:49 :05:47 392 57]
19:59:05 MONTR	
19:59:05 MONTR	..RUN NEW:BLIS10
19:59:06 USER	[19:59:06]
19:59:06 USER	
19:59:06 USER	[S:BLIS10 5(124) + ]
19:59:06 USER	*GCMNSB/S=GCMNSB
20:02:00 USER	
20:02:00 USER	Module length: 1514+56
20:02:00 USER	Literal table used:  185 of 256 Entries
20:02:00 USER	Stack used: 439 of 1024 Words
20:02:00 USER	Max core used: 22 + 38 K
20:02:00 USER	
20:02:00 USER	[BLSNED No errors detected]
20:02:02 USER	
20:02:02 USER	*
		;
		;
		;
20:02:02 BLABL	EFPCK::
20:02:02 MONTR	[:02:22 :02:57 281 32]
20:02:02 MONTR	
20:02:02 MONTR	..RUN NEW:BLIS10
20:02:03 USER	[20:02:03]
20:02:03 USER	
20:02:03 USER	[S:BLIS10 5(124) + ]
20:02:03 USER	**DEFPT/S_DEFPT.BLI
20:05:14 USER	
20:05:14 USER	Module length: 1514+39
20:05:14 USER	Literal table used:  170 of 256 Entries
20:05:15 USER	Stack used: 362 of 1024 Words
20:05:16 USER	Max core used: 22 + 38 K
20:05:16 USER	
20:05:16 USER	[BLSNED No errors detected]
20:05:16 USER	
20:05:16 USER	*
		;
		;
		;
20:05:16 USER	
20:05:17 USER	*
20:05:17 BLABL	PNROCK::
20:05:17 MONTR	[:02:39 :03:15 277 32]
20:05:17 MONTR	
20:05:17 MONTR	..RUN NEW:BLIS10
20:05:18 USER	[20:05:18]
20:05:18 USER	
20:05:18 USER	[S:BLIS10 5(124) + ]
20:05:18 USER	**PNROPT/S_PNROPT.BLI
20:10:34 USER	
20:10:34 USER	Module length: 3011+82
20:10:34 USER	Literal table used:  201 of 512 Entries
20:10:34 USER	Stack used: 463 of 1024 Words
20:10:34 USER	Max core used: 24 + 38 K
20:10:34 USER	
20:10:34 USER	[BLSNED No errors detected]
20:10:35 USER	
20:10:36 USER	*
		;
		;
		;
20:10:36 USER	
20:10:36 USER	*
20:10:36 BLABL	TSTRC::
20:10:37 MONTR	[:04:23 :05:19 313 53]
20:10:37 MONTR	
20:10:37 MONTR	..RUN NEW:BLIS10
20:10:37 USER	[20:10:37]
20:10:37 USER	
20:10:38 USER	[S:BLIS10 5(124) + ]
20:10:38 USER	**TSTR/S_TSTR.BLI
20:12:53 USER	
20:12:53 USER	Module length: 949+45
20:12:53 USER	Literal table used:  173 of 256 Entries
20:12:53 USER	Stack used: 419 of 1024 Words
20:12:54 USER	Max core used: 22 + 38 K
20:12:54 USER	
20:12:54 USER	[BLSNED No errors detected]
20:12:54 USER	
20:12:55 USER	*
		;
		;
		;
20:12:55 BLABL	PHA2C::
20:12:55 MONTR	[:01:57 :02:18 269 23]
20:12:55 MONTR	
20:12:55 MONTR	..RUN NEW:BLIS10
20:12:55 USER	[20:12:56]
20:12:55 USER	
20:12:56 USER	[S:BLIS10 5(124) + ]
20:12:56 USER	**PHA2/S_PHA2.BLI
20:14:57 USER	
20:14:57 USER	Module length: 621+15
20:14:57 USER	Literal table used:  149 of 256 Entries
20:14:57 USER	Stack used: 355 of 1024 Words
20:14:57 USER	Max core used: 21 + 38 K
20:14:57 USER	
20:14:57 USER	[BLSNED No errors detected]
20:14:57 USER	
20:14:58 USER	*
		;
		;
		;
		; ALL PHASE 2 SOURCES ARE NOW COMPILED.  LET'S LOAD PHASE 2.
20:14:58 BLABL	P2CK::
20:14:58 BATCH	.CHKPNT P2CK
20:15:00 MONTR	[:01:32 :02:04 262 19]
20:15:00 MONTR	
20:15:00 MONTR	..MOUNT TST
20:15:00 USER	[20:15:01]
20:15:00 USER	[S:UMOUNT 26(1) + ]
20:15:00 USER	Structure already mounted
20:15:00 USER	[Mount count = 1]
20:15:01 USER	No entry in AUXACC.SYS
20:15:02 USER	
20:15:02 USER	TST Mounted
20:15:02 MONTR	[0.35 1.50 39 0]
20:15:02 MONTR	
20:15:02 MONTR	..R SETSRC
20:15:02 USER	[20:15:03]
20:15:02 USER	
20:15:03 USER	[S:SETSRC 12A(45)]
20:15:03 USER	
20:15:03 USER	**A TST,*
20:15:04 USER	
20:15:04 USER	*[0.16 1.43 39 0]
20:15:04 MONTR	
20:15:04 MONTR	..SET WATCH ALL
20:15:04 MONTR	
20:15:04 MONTR	.
20:15:04 BATCH	.NOERROR
20:15:04 MONTR	.TYPE P2.CMD
20:15:04 USER	[20:15:05]
20:15:05 USER	[S:COMPIL 22A(203) + ]
20:15:05 USER	[]
20:15:05 USER	[S:PIP 33A(132) + ]
20:15:05 USER	P2.MAP/MAP /HASHSIZE:500 = MAIN,GLOBAL,SCAN[10,7]/ONLY:LOW,WILD[10,7]/ONLY:LOW,COMMAND/ONLY:LOW,SRCA,INOUT,ERR3,CNSTCM,DPSIM,P2S1,P2S2,MEMCMP,SKSTMN,DNPT,IOPT,GOPTIM,GOPT2,GRAPH,CANNON,DEFPT,MOVA,COMSUB,GCMNSB,PNROPT,TSTR,UTIL,ERROVD,PHA2,JOBD/G
20:15:05 MONTR	[0.30 0.53 2 0]
20:15:05 MONTR	
20:15:05 MONTR	..RUN DSK:LINK[10,7]
20:15:06 USER	[20:15:06]
20:15:06 USER	
20:15:06 USER	[LINK 2(222) + ]
20:15:06 USER	[]
20:15:06 USER	[ + LNKSCN 2(222)]
20:15:06 USER	**@P2.CMD
20:15:36 USER	[]
20:15:36 USER	[ + LNKLOD 2(222)]
20:15:46 USER	?LNKUGS 5 undefined global symbols
20:15:46 USER		.TNEWL	0
20:15:46 USER		.POPJ1	0
20:15:46 USER		.SWDON	0
20:15:46 USER		.TCRLF	0
20:15:46 USER		GUIDT.	0
20:15:46 USER	[]
20:15:52 USER	[ + LNKMAP 2(222)]
20:15:52 USER	[]
20:15:52 USER	[ + LNKXIT 2(222)]
20:15:52 USER	[]
20:15:52 USER	[:PHA2 4(200) + ]
20:15:52 MONTR	
20:15:52 MONTR	EXIT
20:15:52 MONTR	[17.00 47.16 581 67]
20:15:52 MONTR	
20:15:52 MONTR	..SSAVE FORTD
20:15:52 USER	[20:15:53]
20:15:56 MONTR	Job saved
20:15:56 MONTR	[0.28 3.38 55 221]
20:15:56 MONTR	
20:15:56 MONTR	.
		;
20:15:56 BLABL	P2END::
		;
		;
		; THIS IS THE END OF PHASE 2 BUILDING SECTION.
		;222222222222222222222222222222222222222222222222222222222222
		; ********** FORTE.CTL **********
		
		
		;3G3G3G3G3G3G3G3G3G3G3G3G3G3G3G3G3G3G3G3G3G3G3G3G3G3G3G3G3G3G
		; NOW LET'S COMPILE AND LOAD PHASE 3G.
		;
		;
		;
		
20:15:56 BLABL	STREK::
20:15:56 BATCH	.CHKPNT STREK
20:15:57 MONTR	.MOUNT TST
20:15:57 USER	[20:15:57]
20:15:57 USER	[S:UMOUNT 26(1) + ]
20:15:57 USER	Structure already mounted
20:15:57 USER	[Mount count = 1]
20:15:58 USER	No entry in AUXACC.SYS
20:15:59 USER	
20:15:59 USER	TST Mounted
20:15:59 MONTR	[0.40 1.81 40 0]
20:15:59 MONTR	
20:15:59 MONTR	..R SETSRC
20:15:59 USER	[20:16:00]
20:15:59 USER	
20:16:00 USER	[S:SETSRC 12A(45)]
20:16:00 USER	
20:16:00 USER	**A TST,*
20:16:00 USER	
20:16:00 USER	*[0.13 1.13 11 0]
20:16:01 MONTR	
20:16:01 MONTR	..SET WATCH ALL
20:16:01 MONTR	
20:16:01 MONTR	.
20:16:01 BATCH	.NOERROR
20:16:01 MONTR	.RUN NEW:BLIS10
20:16:01 USER	[20:16:02]
20:16:01 USER	
20:16:03 USER	[S:BLIS10 5(124) + ]
20:16:03 USER	**STREGA/S_STREGA.BLI
20:21:13 USER	
20:21:13 USER	Module length: 3346+113
20:21:13 USER	Literal table used:  249 of 512 Entries
20:21:13 USER	Stack used: 404 of 1024 Words
20:21:13 USER	Max core used: 22 + 38 K
20:21:13 USER	
20:21:13 USER	[BLSNED No errors detected]
20:21:15 USER	
20:21:15 USER	*
		;
		;
		;
20:21:15 USER	
20:21:15 USER	*
20:21:15 BLABL	ERRR::
20:21:16 MONTR	[:04:15 :05:14 367 66]
20:21:16 MONTR	
20:21:16 MONTR	..RUN NEW:BLIS10
20:21:16 USER	[20:21:16]
20:21:16 USER	
20:21:18 USER	[S:BLIS10 5(124) + ]
20:21:18 USER	**ERROVR/S_ERROVR.BLI
20:21:20 USER	
20:21:20 USER	Module length: 2+146
20:21:20 USER	Literal table used:  3 of 256 Entries
20:21:20 USER	Stack used: 106 of 1024 Words
20:21:21 USER	Max core used: 7 + 38 K
20:21:21 USER	
20:21:21 USER	[BLSNED No errors detected]
20:21:21 USER	
20:21:21 USER	*
		;
		;
		;
20:21:21 USER	
20:21:22 USER	*
20:21:22 BLABL	REGUCK::
20:21:22 MONTR	[1.88 6.43 55 11]
20:21:22 MONTR	
20:21:22 MONTR	..RUN NEW:BLIS10
20:21:23 USER	[20:21:23]
20:21:23 USER	
20:21:23 USER	[S:BLIS10 5(124) + ]
20:21:23 USER	**REGUTL/S=REGUTL.BLI
20:22:43 USER	
20:22:43 USER	Module length: 142+14
20:22:43 USER	Literal table used:  144 of 256 Entries
20:22:43 USER	Stack used: 262 of 1024 Words
20:22:45 USER	Max core used: 19 + 38 K
20:22:45 USER	
20:22:45 USER	[BLSNED No errors detected]
20:22:45 USER	
20:22:45 USER	*
		;
		;
		;
20:22:45 BLABL	CMPLCK::
20:22:45 MONTR	[59.31 :01:22 224 12]
20:22:45 MONTR	
20:22:45 MONTR	..RUN NEW:BLIS10
20:22:45 USER	[20:22:45]
20:22:45 USER	
20:22:45 USER	[S:BLIS10 5(124) + ]
20:22:45 USER	**CMPLEX/S_CMPLEX.BLI
20:27:03 USER	
20:27:03 USER	Module length: 2307+96
20:27:03 USER	Literal table used:  226 of 512 Entries
20:27:04 USER	Stack used: 395 of 1024 Words
20:27:04 USER	Max core used: 21 + 38 K
20:27:04 USER	
20:27:04 USER	[BLSNED No errors detected]
20:27:04 USER	
20:27:05 USER	*
		;
		;
		;
20:27:05 BLABL	CMPBCK::
20:27:06 MONTR	[:03:21 :04:20 321 43]
20:27:06 MONTR	
20:27:06 MONTR	..RUN NEW:BLIS10
20:27:06 USER	[20:27:06]
20:27:06 USER	
20:27:06 USER	[S:BLIS10 5(124) + ]
20:27:06 USER	**CMPBLO/S_CMPBLO.BLI
20:28:47 USER	
20:28:47 USER	Module length: 340+19
20:28:47 USER	Literal table used:  154 of 256 Entries
20:28:48 USER	Stack used: 339 of 1024 Words
20:28:48 USER	Max core used: 20 + 38 K
20:28:48 USER	
20:28:48 USER	[BLSNED No errors detected]
20:28:48 USER	
20:28:49 USER	*
		;
		;
		;
20:28:49 BLABL	ALCBCK::
20:28:50 MONTR	[:01:19 :01:44 246 15]
20:28:50 MONTR	
20:28:50 MONTR	..RUN NEW:BLIS10
20:28:50 USER	[20:28:51]
20:28:50 USER	
20:28:50 USER	[S:BLIS10 5(124) + ]
20:28:50 USER	**ALCBLO/S_ALCBLO.BLI
20:30:59 USER	
20:30:59 USER	Module length: 754+23
20:30:59 USER	Literal table used:  157 of 256 Entries
20:30:59 USER	Stack used: 404 of 1024 Words
20:30:59 USER	Max core used: 20 + 38 K
20:31:00 USER	
20:31:00 USER	[BLSNED No errors detected]
20:31:00 USER	
20:31:01 USER	*
		;
		;
		;
		;
		;
		;
20:31:01 USER	
20:31:01 USER	*
20:31:01 BLABL	DOALCK::
20:31:02 MONTR	[:01:47 :02:11 265 21]
20:31:02 MONTR	
20:31:02 MONTR	..RUN NEW:BLIS10
20:31:02 USER	[20:31:02]
20:31:02 USER	
20:31:02 USER	[S:BLIS10 5(124) + ]
20:31:02 USER	**DOALC/S_DOALC.BLI
20:33:55 USER	
20:33:55 USER	Module length: 1344+80
20:33:55 USER	Literal table used:  216 of 512 Entries
20:33:55 USER	Stack used: 368 of 1024 Words
20:33:55 USER	Max core used: 21 + 38 K
20:33:56 USER	
20:33:56 USER	[BLSNED No errors detected]
20:33:56 USER	
20:33:56 USER	*
		;
		;
		;
20:33:56 USER	
20:33:57 USER	*
20:33:57 BLABL	REGAC::
20:33:57 MONTR	[:02:18 :02:55 264 31]
20:33:57 MONTR	
20:33:57 MONTR	..RUN NEW:BLIS10
20:33:58 USER	[20:33:58]
20:33:58 USER	
20:33:58 USER	[S:BLIS10 5(124) + ]
20:33:58 USER	**REGAL2/S_REGAL2.BLI
20:38:21 USER	
20:38:21 USER	Module length: 2887+100
20:38:21 USER	Literal table used:  234 of 512 Entries
20:38:21 USER	Stack used: 403 of 1024 Words
20:38:23 USER	Max core used: 21 + 38 K
20:38:23 USER	
20:38:23 USER	[BLSNED No errors detected]
20:38:23 USER	
20:38:23 USER	*
		;
		;
		;
20:38:23 USER	
20:38:24 USER	*
20:38:24 BLABL	RELBCK::
20:38:25 MONTR	[:03:20 :04:27 341 52]
20:38:25 MONTR	
20:38:25 MONTR	..RUN NEW:BLIS10
20:38:25 USER	[20:38:26]
20:38:25 USER	
20:38:27 USER	[S:BLIS10 5(124) + ]
20:38:27 USER	**RELBUF/S_RELBUF.BLI
20:40:00 USER	
20:40:00 USER	Module length: 274+8
20:40:00 USER	Literal table used:  157 of 256 Entries
20:40:00 USER	Stack used: 290 of 1024 Words
20:40:01 USER	Max core used: 19 + 38 K
20:40:01 USER	
20:40:01 USER	[BLSNED No errors detected]
20:40:01 USER	
20:40:02 USER	*
		;
		;
		;
20:40:03 MONTR	[:01:10 :01:37 243 14]
20:40:03 MONTR	
20:40:03 MONTR	..RUN NEW:BLIS10
20:40:03 USER	[20:40:03]
20:40:03 USER	
20:40:03 USER	[S:BLIS10 5(124) + ]
20:40:03 USER	**DATAST/S_DATAST.BLI
20:41:51 USER	
20:41:51 USER	Module length: 438+24
20:41:51 USER	Literal table used:  156 of 256 Entries
20:41:51 USER	Stack used: 313 of 1024 Words
20:41:53 USER	Max core used: 19 + 38 K
20:41:53 USER	
20:41:53 USER	[BLSNED No errors detected]
20:41:53 USER	
20:41:53 USER	*
		;
		;
		;
20:41:53 BLABL	OUTMCK::
20:41:53 MONTR	[:01:22 :01:50 247 18]
20:41:53 MONTR	
20:41:53 MONTR	..RUN NEW:BLIS10
20:41:54 USER	[20:41:53]
20:41:54 USER	
20:41:54 USER	[S:BLIS10 5(124) + ]
20:41:54 USER	**OUTMOD/S_OUTMOD.BLI
20:45:31 USER	
20:45:31 USER	Module length: 1599+127
20:45:31 USER	Literal table used:  212 of 512 Entries
20:45:32 USER	Stack used: 421 of 1024 Words
20:45:32 USER	Max core used: 22 + 38 K
20:45:32 USER	
20:45:32 USER	[BLSNED No errors detected]
20:45:32 USER	
20:45:33 USER	*
		;
		;
		;
20:45:33 USER	
20:45:33 USER	*
20:45:33 BLABL	PH3GK::
20:45:34 MONTR	[:02:43 :03:40 286 32]
20:45:34 MONTR	
20:45:34 MONTR	..RUN NEW:BLIS10
20:45:34 USER	[20:45:34]
20:45:34 USER	
20:45:35 USER	[S:BLIS10 5(124) + ]
20:45:35 USER	**PH3G/S_PH3G.BLI
20:53:07 USER	
20:53:07 USER	Module length: 3523+85
20:53:08 USER	Literal table used:  208 of 512 Entries
20:53:08 USER	Stack used: 454 of 1024 Words
20:53:08 USER	Max core used: 25 + 38 K
20:53:08 USER	
20:53:08 USER	[BLSNED No errors detected]
20:53:08 USER	
20:53:09 USER	*
		;
		;
		;
		; ALL PHASE 3G SOURCES ARE NOW COMPILED.  LET'S LOAD PHASE 3G.
20:53:09 BLABL	P3GCK::
20:53:09 BATCH	.CHKPNT P3GCK
20:53:10 MONTR	[:04:46 :07:36 362 62]
20:53:10 MONTR	
20:53:10 MONTR	..MOUNT TST
20:53:11 USER	[20:53:11]
20:53:11 USER	[S:UMOUNT 26(1) + ]
20:53:11 USER	Structure already mounted
20:53:11 USER	[Mount count = 1]
20:53:11 USER	No entry in AUXACC.SYS
20:53:12 USER	
20:53:12 USER	TST Mounted
20:53:14 MONTR	[0.36 1.60 39 0]
20:53:14 MONTR	
20:53:14 MONTR	..R SETSRC
20:53:15 USER	[20:53:15]
20:53:15 USER	
20:53:16 USER	[S:SETSRC 12A(45)]
20:53:16 USER	
20:53:16 USER	**A TST,*
20:53:17 USER	
20:53:17 USER	*[0.23 2.05 47 0]
20:53:18 MONTR	
20:53:18 MONTR	..SET WATCH ALL
20:53:18 MONTR	
20:53:18 MONTR	.
20:53:18 BATCH	.NOERROR
20:53:18 MONTR	.TYPE P3G.CMD
20:53:18 USER	[20:53:18]
20:53:18 USER	[S:COMPIL 22A(203) + ]
20:53:18 USER	[]
20:53:18 USER	[S:PIP 33A(132) + ]
20:53:18 USER	P3G.MAP/MAP /HASHSIZE:1000 = MAIN,GLOBAL,SCAN[10,7]/ONLY:LOW,WILD[10,7]/ONLY:LOW,COMMAND/ONLY:LOW,SRCA,INOUT,ERR3,ERROVR,ARRXPN,VLTPPR,CNSTCM,STREGA,DPSIM,CMPLEX,CMPBLO,ALCBLO,DOALC,REGAL2,UTIL,REGUTL,DATAST,RELBUF,OUTMOD,GOPTIM,GOPT2,PH3G,JOBD/G
20:53:19 MONTR	[0.35 0.90 2 0]
20:53:19 MONTR	
20:53:19 MONTR	..RUN DSK:LINK[10,7]
20:53:19 USER	[20:53:20]
20:53:19 USER	
20:53:21 USER	[LINK 2(222) + ]
20:53:21 USER	[]
20:53:21 USER	[ + LNKSCN 2(222)]
20:53:21 USER	**@P3G.CMD
20:53:52 USER	[]
20:53:52 USER	[ + LNKLOD 2(222)]
20:54:02 USER	?LNKUGS 5 undefined global symbols
20:54:02 USER		.TNEWL	0
20:54:02 USER		.POPJ1	0
20:54:02 USER		.SWDON	0
20:54:03 USER		.TCRLF	0
20:54:03 USER		GUIDT.	0
20:54:03 USER	[]
20:54:03 USER	[ + LNKMAP 2(222)]
20:54:09 USER	[]
20:54:09 USER	[ + LNKXIT 2(222)]
20:54:09 USER	[]
20:54:09 USER	[:PH3G 4(200) + ]
20:54:09 MONTR	
20:54:09 MONTR	EXIT
20:54:09 MONTR	[16.21 49.48 543 67]
20:54:09 MONTR	
20:54:09 MONTR	..SSAVE FORTE
20:54:10 USER	[20:54:09]
20:54:12 MONTR	Job saved
20:54:12 MONTR	[0.25 3.50 55 195]
20:54:12 MONTR	
20:54:12 MONTR	.
		;
		;
20:54:12 BLABL	P3GND::
		;
		; THIS IS THE END OF THE PHASE 3G BUILDING SECTION.
		;3G3G3G3G3G3G3G3G3G3G3G3G3G3G3G3G3G3G3G3G3G3G3G3G3G3G3G3G3G3G
		; ********** FORTF.CTL **********
		
		
		;3R3R3R3R3R3R3R3R3R3R3R3R3R3R3R3R3R3R3R3R3R3R3R3R3R3R3R3R3R3R
		; NOW LET'S COMPILE AND LOAD PHASE 3R.
		;
		;
		;
		
20:54:12 BLABL	P3RCK::
20:54:12 BATCH	.CHKPNT P3RCK
20:54:14 MONTR	.MOUNT TST
20:54:14 USER	[20:54:14]
20:54:14 USER	[S:UMOUNT 26(1) + ]
20:54:14 USER	Structure already mounted
20:54:14 USER	[Mount count = 1]
20:54:15 USER	No entry in AUXACC.SYS
20:54:15 USER	
20:54:15 USER	TST Mounted
20:54:16 MONTR	[0.36 1.66 40 0]
20:54:16 MONTR	
20:54:16 MONTR	..R SETSRC
20:54:16 USER	[20:54:16]
20:54:16 USER	
20:54:16 USER	[S:SETSRC 12A(45)]
20:54:16 USER	
20:54:16 USER	**A TST,*
20:54:17 USER	
20:54:17 USER	*[0.13 1.16 11 0]
20:54:17 MONTR	
20:54:17 MONTR	..SET WATCH ALL
20:54:18 MONTR	
20:54:18 MONTR	.
20:54:18 BATCH	.NOERROR
20:54:18 MONTR	.RUN NEW:BLIS10
20:54:18 USER	[20:54:19]
20:54:18 USER	
20:54:22 USER	[S:BLIS10 5(124) + ]
20:54:22 USER	**P3R/S_P3R.BLI
20:55:54 USER	
20:55:54 USER	Module length: 54+0
20:55:54 USER	Literal table used:  136 of 256 Entries
20:55:54 USER	Stack used: 213 of 1024 Words
20:55:57 USER	Max core used: 18 + 38 K
20:55:57 USER	
20:55:57 USER	[BLSNED No errors detected]
20:55:57 USER	
20:55:57 USER	*
		;
		;
		;
		; ALL PHASE 3R SOURCES ARE NOW COMPILED.  LET'S LOAD PHASE 3R.
20:55:58 MONTR	[58.26 :01:38 227 11]
20:55:58 MONTR	
20:55:58 MONTR	..TYPE P3R.CMD
20:55:58 USER	[20:55:58]
20:55:58 USER	[S:COMPIL 22A(203) + ]
20:55:58 USER	[]
20:55:58 USER	[S:PIP 33A(132) + ]
20:55:58 USER	P3R.MAP/MAP /HASHSIZE:1000 = MAIN,GLOBAL,SCAN[10,7]/ONLY:LOW,WILD[10,7]/ONLY:LOW,COMMAND/ONLY:LOW,SRCA,INOUT,ERR3,ERROVR,ARRXPN,VLTPPR,CNSTCM,DPSIM,STREGA,CMPLEX,CMPBLO,ALCBLO,DOALC,REGAL2,UTIL,REGUTL,DATAST,OUTMOD,RELBUF,GOPTIM,P3R,JOBD/G
20:55:58 MONTR	[0.31 0.66 2 0]
20:55:58 MONTR	
20:55:58 MONTR	..RUN DSK:LINK[10,7]
20:55:59 USER	[20:55:59]
20:55:59 USER	
20:55:59 USER	[LINK 2(222) + ]
20:55:59 USER	[]
20:56:00 USER	[ + LNKSCN 2(222)]
20:56:00 USER	**@P3R.CMD
20:56:20 USER	[]
20:56:20 USER	[ + LNKLOD 2(222)]
20:56:20 USER	?LNKUGS 5 undefined global symbols
20:56:20 USER		.TNEWL	0
20:56:20 USER		.POPJ1	0
20:56:20 USER		.SWDON	0
20:56:20 USER		.TCRLF	0
20:56:20 USER		GUIDT.	0
20:56:20 USER	[]
20:56:20 USER	[ + LNKMAP 2(222)]
20:56:25 USER	[]
20:56:25 USER	[ + LNKXIT 2(222)]
20:56:25 USER	[]
20:56:25 USER	[:P3R 4(200) + ]
20:56:25 MONTR	
20:56:25 MONTR	EXIT
20:56:25 MONTR	[14.66 26.16 552 65]
20:56:25 MONTR	
20:56:25 MONTR	..SSAVE FORTF
20:56:25 USER	[20:56:25]
20:56:28 MONTR	Job saved
20:56:28 MONTR	[0.25 3.35 55 167]
20:56:28 MONTR	
20:56:28 MONTR	.
		;
		;
20:56:28 BLABL	P3RND::
		;
		; THIS IS THE END OF THE PHASE 3R BUILDING SECTION.
		;3R3R3R3R3R3R3R3R3R3R3R3R3R3R3R3R3R3R3R3R3R3R3R3R3R3R3R3R3R3R
		; ********** FORTG.CTL **********
		
		
		;333333333333333333333333333333333333333333333333333333333333
		; NOW LET'S COMPILE AND LOAD PHASE 3.
		;
		;
		;
20:56:28 BLABL	OPTCK::
20:56:28 BATCH	.CHKPNT OPTCK
20:56:30 MONTR	.MOUNT TST
20:56:30 USER	[20:56:30]
20:56:31 USER	[S:UMOUNT 26(1) + ]
20:56:31 USER	Structure already mounted
20:56:31 USER	[Mount count = 1]
20:56:33 USER	No entry in AUXACC.SYS
20:56:33 USER	
20:56:33 USER	TST Mounted
20:56:33 MONTR	[0.41 3.31 41 0]
20:56:33 MONTR	
20:56:33 MONTR	..R SETSRC
20:56:33 USER	[20:56:34]
20:56:33 USER	
20:56:35 USER	[S:SETSRC 12A(45)]
20:56:35 USER	
20:56:35 USER	**A TST,*
20:56:36 USER	
20:56:36 USER	*[0.21 2.63 39 0]
20:56:37 MONTR	
20:56:37 MONTR	..SET WATCH ALL
20:56:37 MONTR	
20:56:37 MONTR	.
20:56:37 BATCH	.NOERROR
20:56:37 MONTR	.RUN NEW:BLIS10
20:56:37 USER	[20:56:37]
20:56:37 USER	
20:56:39 USER	[S:BLIS10 5(124) + ]
20:56:39 USER	**OPTAB/S_OPTAB.BLI
20:56:48 USER	
20:56:48 USER	Module length: 2+373
20:56:48 USER	Literal table used:  371 of 512 Entries
20:56:50 USER	Stack used: 169 of 1024 Words
20:56:50 USER	Max core used: 8 + 38 K
20:56:50 USER	
20:56:50 USER	[BLSNED No errors detected]
20:56:50 USER	
20:56:50 USER	*
		;
		;
		;
20:56:50 USER	
20:56:51 USER	*
20:56:51 BLABL	ERRG::
20:56:52 MONTR	[7.45 14.43 59 13]
20:56:52 MONTR	
20:56:52 MONTR	..RUN NEW:BLIS10
20:56:52 USER	[20:56:52]
20:56:52 USER	
20:56:53 USER	[S:BLIS10 5(124) + ]
20:56:53 USER	**ERROVG/S_ERROVG.BLI
20:56:55 USER	
20:56:55 USER	Module length: 2+98
20:56:55 USER	Literal table used:  3 of 256 Entries
20:56:55 USER	Stack used: 110 of 1024 Words
20:56:57 USER	Max core used: 7 + 38 K
20:56:57 USER	
20:56:57 USER	[BLSNED No errors detected]
20:56:57 USER	
20:56:57 USER	*
		;
		;
		;
20:56:57 USER	
20:56:57 USER	*
20:56:57 BLABL	CGDOCK::
20:56:58 MONTR	[1.73 5.70 51 11]
20:56:58 MONTR	
20:56:58 MONTR	..RUN NEW:BLIS10
20:56:58 USER	[20:56:59]
20:56:58 USER	
20:56:59 USER	[S:BLIS10 5(124) + ]
20:56:59 USER	**CGDO/S_CGDO.BLI
20:59:50 USER	
20:59:50 USER	Module length: 1373+120
20:59:50 USER	Literal table used:  210 of 512 Entries
20:59:50 USER	Stack used: 417 of 1024 Words
20:59:52 USER	Max core used: 22 + 38 K
20:59:52 USER	
20:59:52 USER	[BLSNED No errors detected]
20:59:52 USER	
20:59:52 USER	*
		;
		;
		;
20:59:52 USER	
20:59:52 USER	*
20:59:52 BLABL	CGSTCK::
20:59:53 MONTR	[:02:19 :02:54 266 32]
20:59:53 MONTR	
20:59:53 MONTR	..RUN NEW:BLIS10
20:59:53 USER	[20:59:53]
20:59:53 USER	
20:59:54 USER	[S:BLIS10 5(124) + ]
20:59:54 USER	**CGSTMN/S_CGSTMN.BLI
21:04:01 USER	
21:04:01 USER	Module length: 2252+124
21:04:01 USER	Literal table used:  218 of 512 Entries
21:04:01 USER	Stack used: 454 of 1024 Words
21:04:03 USER	Max core used: 22 + 38 K
21:04:03 USER	
21:04:03 USER	[BLSNED No errors detected]
21:04:03 USER	
21:04:03 USER	*
		;
		;
		;
21:04:03 USER	
21:04:03 USER	*
21:04:03 BLABL	GEXCK::
21:04:04 MONTR	[:03:09 :04:10 328 46]
21:04:04 MONTR	
21:04:04 MONTR	..RUN NEW:BLIS10
21:04:04 USER	[21:04:05]
21:04:04 USER	
21:04:05 USER	[S:BLIS10 5(124) + ]
21:04:05 USER	**CGEXPR/S_CGEXPR.BLI
21:07:11 USER	
21:07:11 USER	Module length: 1409+113
21:07:11 USER	Literal table used:  220 of 512 Entries
21:07:11 USER	Stack used: 408 of 1024 Words
21:07:11 USER	Max core used: 21 + 38 K
21:07:11 USER	
21:07:11 USER	[BLSNED No errors detected]
21:07:11 USER	
21:07:12 USER	*
		;
		;
		;
21:07:12 BLABL	OPGNCK::
21:07:13 MONTR	[:02:23 :03:08 284 31]
21:07:13 MONTR	
21:07:13 MONTR	..RUN DSK:MACRO[10,7]
21:07:13 USER	[21:07:14]
21:07:13 USER	
21:07:14 USER	[MACRO 47(113) + ]
21:07:14 USER	
21:07:14 USER	**OPGNTA_OPGNTA.MAC
21:07:51 USER	
21:07:51 USER	NO ERRORS DETECTED
21:07:51 USER	
21:07:51 USER	PROGRAM BREAK IS 003464
21:07:51 USER	
21:07:51 USER	3K CORE USED
21:07:52 USER	
21:07:52 USER	*
		;
		;
		;
21:07:52 USER	
21:07:52 USER	
21:07:52 USER	*
21:07:52 BLABL	PEEPCK::
21:07:52 MONTR	[26.80 38.95 233 31]
21:07:52 MONTR	
21:07:52 MONTR	..RUN NEW:BLIS10
21:07:52 USER	[21:07:53]
21:07:52 USER	
21:07:54 USER	[S:BLIS10 5(124) + ]
21:07:54 USER	**PEEPOP/S_PEEPOP.BLI
21:12:58 USER	
21:12:58 USER	Module length: 2356+61
21:12:58 USER	Literal table used:  201 of 512 Entries
21:12:59 USER	Stack used: 356 of 1024 Words
21:12:59 USER	Max core used: 22 + 38 K
21:12:59 USER	
21:12:59 USER	[BLSNED No errors detected]
21:12:59 USER	
21:13:00 USER	*
		;
		;
		;
21:13:00 USER	
21:13:00 USER	*
21:13:00 BLABL	LISTCK::
21:13:01 MONTR	[:03:25 :05:08 329 43]
21:13:01 MONTR	
21:13:01 MONTR	..RUN NEW:BLIS10
21:13:01 USER	[21:13:02]
21:13:01 USER	
21:13:02 USER	[S:BLIS10 5(124) + ]
21:13:02 USER	**LISTOU/S_LISTOU.BLI
21:16:57 USER	
21:16:57 USER	Module length: 1294+57
21:16:57 USER	Literal table used:  190 of 256 Entries
21:16:59 USER	Stack used: 399 of 1024 Words
21:16:59 USER	Max core used: 21 + 38 K
21:16:59 USER	
21:16:59 USER	[BLSNED No errors detected]
21:16:59 USER	
21:16:59 USER	*
		;
		;
		;
21:16:59 USER	
21:16:59 USER	*
21:16:59 BLABL	DEBUCK::
21:17:01 MONTR	[:02:08 :03:58 267 28]
21:17:01 MONTR	
21:17:01 MONTR	..RUN NEW:BLIS10
21:17:01 USER	[21:17:02]
21:17:01 USER	
21:17:03 USER	[S:BLIS10 5(124) + ]
21:17:03 USER	*DEBUG/S_DEBUG.BLI
21:18:44 USER	
21:18:44 USER	Module length: 225+19
21:18:44 USER	Literal table used:  150 of 256 Entries
21:18:44 USER	Stack used: 261 of 1024 Words
21:18:44 USER	Max core used: 19 + 38 K
21:18:45 USER	
21:18:45 USER	[BLSNED No errors detected]
21:18:45 USER	
21:18:45 USER	*
		;
		;
		;
		;
21:18:45 BLABL	PHA3CK::
21:18:46 MONTR	[:01:08 :01:44 242 14]
21:18:46 MONTR	
21:18:46 MONTR	..RUN NEW:BLIS10
21:18:46 USER	[21:18:47]
21:18:46 USER	
21:18:47 USER	[S:BLIS10 5(124) + ]
21:18:47 USER	**PHA3/S_PHA3.BLI
21:20:31 USER	
21:20:31 USER	Module length: 141+27
21:20:31 USER	Literal table used:  143 of 256 Entries
21:20:31 USER	Stack used: 252 of 1024 Words
21:20:31 USER	Max core used: 19 + 38 K
21:20:31 USER	
21:20:31 USER	[BLSNED No errors detected]
21:20:31 USER	
21:20:33 USER	*
		;
		;
		;
		; ALL PHASE 3 SOURCES ARE NOW COMPILED.  LET'S LOAD PHASE 3.
21:20:33 BLABL	P3CK::
21:20:33 BATCH	.CHKPNT P3CK
21:20:34 MONTR	[:01:01 :01:47 227 13]
21:20:34 MONTR	
21:20:34 MONTR	..MOUNT TST
21:20:34 USER	[21:20:35]
21:20:35 USER	[S:UMOUNT 26(1) + ]
21:20:35 USER	Structure already mounted
21:20:35 USER	[Mount count = 1]
21:20:36 USER	No entry in AUXACC.SYS
21:20:37 USER	
21:20:37 USER	TST Mounted
21:20:37 MONTR	[0.38 2.35 41 0]
21:20:37 MONTR	
21:20:37 MONTR	..R SETSRC
21:20:38 USER	[21:20:37]
21:20:38 USER	
21:20:38 USER	[S:SETSRC 12A(45)]
21:20:38 USER	
21:20:38 USER	**A TST,*
21:20:39 USER	
21:20:39 USER	*[0.21 2.03 39 0]
21:20:39 MONTR	
21:20:40 MONTR	..SET WATCH ALL
21:20:40 MONTR	
21:20:40 MONTR	.
21:20:40 BATCH	.NOERROR
21:20:40 MONTR	.TYPE P3.CMD
21:20:40 USER	[21:20:40]
21:20:41 USER	[S:COMPIL 22A(203) + ]
21:20:41 USER	[]
21:20:41 USER	[S:PIP 33A(132) + ]
21:20:42 USER	P3.MAP/MAP /HASHSIZE:1000 = MAIN,GLOBAL,SCAN[10,7]/ONLY:LOW,WILD[10,7]/ONLY:LOW,COMMAND/ONLY:LOW,SRCA,INOUT,ERR3,ERROVG,OPTAB,LISTOU,RELBUF,DEBUG,CGDO,CGSTMN,CGEXPR,OPGNTA,PEEPOP,UTIL,GOPTIM,CNSTCM,DPSIM,PHA3,JOBD/G
21:20:42 MONTR	[0.36 2.81 8 0]
21:20:42 MONTR	
21:20:42 MONTR	..RUN DSK:LINK[10,7]
21:20:44 USER	[21:20:43]
21:20:44 USER	
21:20:44 USER	[LINK 2(222) + ]
21:20:44 USER	[]
21:20:45 USER	[ + LNKSCN 2(222)]
21:20:45 USER	**@P3.CMD
21:21:02 USER	[]
21:21:02 USER	[ + LNKLOD 2(222)]
21:21:02 USER	?LNKUGS 5 undefined global symbols
21:21:02 USER		.TNEWL	0
21:21:02 USER		.POPJ1	0
21:21:04 USER		.SWDON	0
21:21:04 USER		.TCRLF	0
21:21:04 USER		GUIDT.	0
21:21:04 USER	[]
21:21:04 USER	[ + LNKMAP 2(222)]
21:21:09 USER	[]
21:21:09 USER	[ + LNKXIT 2(222)]
21:21:09 USER	[]
21:21:09 USER	[:PHA3 4(200) + ]
21:21:10 MONTR	
21:21:10 MONTR	EXIT
21:21:10 MONTR	[13.11 27.03 565 67]
21:21:10 MONTR	
21:21:10 MONTR	..SSAVE FORTG
21:21:10 USER	[21:21:10]
21:21:13 MONTR	Job saved
21:21:13 MONTR	[0.25 3.13 55 143]
21:21:13 MONTR	
21:21:13 MONTR	.
21:21:13 BLABL	P3END::
		;
		; THIS IS THE END OF THE PHASE 3 BUILDING SECTION.
		;333333333333333333333333333333333333333333333333333333333333
		;
		;
		; DELETE ALL UNNECESSARY LOW FILES
21:21:13 MONTR	.DEL  FORT?.LOW
21:21:13 USER	[21:21:13]
21:21:15 USER	[S:COMPIL 22A(203) + ]
21:21:15 USER	[]
21:21:15 USER	[S:PIP 33A(132) + ]
21:21:16 USER	Files deleted:
21:21:16 USER	FORTB.LOW 
21:21:17 USER	FORTC.LOW 
21:21:18 USER	FORTE.LOW 
21:21:19 USER	FORTF.LOW 
21:21:20 USER	FORTG.LOW 
21:21:21 USER	FORTD.LOW 
21:21:21 USER	18 Blocks freed
21:21:22 MONTR	[0.83 8.16 161 13]
21:21:22 MONTR	
21:21:22 MONTR	.
		;
		;
21:21:22 MONTR	.KJOB/F
21:21:27 USER	[ + QUEUE 5(1212)]
21:21:27 USER	[ + ]
21:21:27 USER	[S:LOGOUT 54(46) + ]
21:21:27 USER	Job 3, User [31,1611]  Logged off TTY145   2121  6-Oct-84
21:21:27 MONTR	Saved all files (6090 blocks)
21:21:27 MONTR	Runtime 128 Min, 41.84 Sec
21:21:27 MONTR	Total of 24455 disk blocks read, 4270 written
