(A2 (S) NIL)
      (ENTERF 1 0 0)
-1    (LDV S 0)
      (PUSHP)
      (PUSHQ 0)
      (CLL EQP 2)
      (BN 2)
      (LQI 3)
      (RET)
2     (PIUNBX (VREF S 0))
      (IMULI 1 , 2)
      (FCLL MKN)
      (PUSHP)
      (PUSHQ 3)
      (CLL PLUS 2)
      (RET)


A2
      (JSP 7 , ENTERF)
      (262144 0)
      (0 PLITORG)
-1      (HRRZ 1 , (VREF S 0))
      (PUSH PP , 1)
      (PUSH PP , ' 0)
      (CCALL 2 , ' EQP)
      (CAMN 1 , KNIL)
      (JRST (TREF 2))
      (HRRZI 1 , ASZ 3)
      (POPJ CP ,)
2      (PIUNBX (VREF S 0))
      (IMULI 1 , 2)
      (PUSHJ CP , MKN)
      (PUSH PP , 1)
      (PUSH PP , ' 3)
      (CCALL 2 , ' PLUS)
      (POPJ CP ,)
LITORG
PLITORG      S
      0
      EQP
      3
      PLUS
